TpTrace Verbose: 0 : 16848, 1, 2021/12/22, 16:20:45.954, 643367835186, vstest.console.dll, Version: 16.11.0
TpTrace Information: 0 : 16848, 1, 2021/12/22, 16:20:45.964, 643367927968, vstest.console.dll, FilePatternParser: The given file C:\Users\Abhijit\Desktop\API's\CalculateNetWorthAPI\CalculateNetWorthUnitTesting\bin\Debug\net5.0\fine-code-coverage\build-output\CalculateNetWorthUnitTesting.dll is a full path.
TpTrace Verbose: 0 : 16848, 1, 2021/12/22, 16:20:45.978, 643368062643, vstest.console.dll, TestPluginCache.DiscoverTestExtensions: finding test extensions in assemblies ends with: RuntimeProvider.dll TPluginInfo: Microsoft.VisualStudio.TestPlatform.Common.ExtensionFramework.Utilities.TestRuntimePluginInformation TExtension: Microsoft.VisualStudio.TestPlatform.ObjectModel.Host.ITestRuntimeProvider
TpTrace Verbose: 0 : 16848, 1, 2021/12/22, 16:20:45.978, 643368067201, vstest.console.dll, TestPluginCache.GetExtensionPaths: Filtered extension paths: 
TpTrace Verbose: 0 : 16848, 1, 2021/12/22, 16:20:45.978, 643368068343, vstest.console.dll, TestPluginCache.GetExtensionPaths: Added default extension paths: C:\Program Files\dotnet\sdk\5.0.404\Extensions\Microsoft.Diagnostics.NETCore.Client.dll
C:\Program Files\dotnet\sdk\5.0.404\Extensions\Microsoft.TestPlatform.Extensions.BlameDataCollector.dll
C:\Program Files\dotnet\sdk\5.0.404\Extensions\Microsoft.TestPlatform.Extensions.EventLogCollector.dll
C:\Program Files\dotnet\sdk\5.0.404\Extensions\Microsoft.TestPlatform.TestHostRuntimeProvider.dll
C:\Program Files\dotnet\sdk\5.0.404\Extensions\Microsoft.VisualStudio.TestPlatform.Extensions.Html.TestLogger.dll
C:\Program Files\dotnet\sdk\5.0.404\Extensions\Microsoft.VisualStudio.TestPlatform.Extensions.Trx.TestLogger.dll
TpTrace Verbose: 0 : 16848, 1, 2021/12/22, 16:20:45.978, 643368068782, vstest.console.dll, TestPluginCache.GetExtensionPaths: Added unfilterableExtensionPaths: 
TpTrace Information: 0 : 16848, 1, 2021/12/22, 16:20:45.979, 643368076907, vstest.console.dll, AssemblyResolver.ctor: Creating AssemblyResolver with searchDirectories C:\Program Files\dotnet\sdk\5.0.404\Extensions,C:\Program Files\dotnet\sdk\5.0.404
TpTrace Verbose: 0 : 16848, 1, 2021/12/22, 16:20:45.980, 643368087323, vstest.console.dll, TestPluginCache.DiscoverTestExtensions: Discovering the extensions using extension path.
TpTrace Verbose: 0 : 16848, 1, 2021/12/22, 16:20:45.980, 643368089213, vstest.console.dll, TestPluginCache.GetExtensionPaths: Filtered extension paths: 
TpTrace Verbose: 0 : 16848, 1, 2021/12/22, 16:20:45.981, 643368089836, vstest.console.dll, TestPluginCache.GetExtensionPaths: Added default extension paths: C:\Program Files\dotnet\sdk\5.0.404\Extensions\Microsoft.Diagnostics.NETCore.Client.dll
C:\Program Files\dotnet\sdk\5.0.404\Extensions\Microsoft.TestPlatform.Extensions.BlameDataCollector.dll
C:\Program Files\dotnet\sdk\5.0.404\Extensions\Microsoft.TestPlatform.Extensions.EventLogCollector.dll
C:\Program Files\dotnet\sdk\5.0.404\Extensions\Microsoft.TestPlatform.TestHostRuntimeProvider.dll
C:\Program Files\dotnet\sdk\5.0.404\Extensions\Microsoft.VisualStudio.TestPlatform.Extensions.Html.TestLogger.dll
C:\Program Files\dotnet\sdk\5.0.404\Extensions\Microsoft.VisualStudio.TestPlatform.Extensions.Trx.TestLogger.dll
TpTrace Verbose: 0 : 16848, 1, 2021/12/22, 16:20:45.981, 643368090241, vstest.console.dll, TestPluginCache.GetExtensionPaths: Added unfilterableExtensionPaths: 
TpTrace Verbose: 0 : 16848, 1, 2021/12/22, 16:20:45.981, 643368091059, vstest.console.dll, TestPluginCache.DiscoverTestExtensions: Discovering the extensions using allExtensionPaths: C:\Program Files\dotnet\sdk\5.0.404\Extensions\Microsoft.Diagnostics.NETCore.Client.dll
C:\Program Files\dotnet\sdk\5.0.404\Extensions\Microsoft.TestPlatform.Extensions.BlameDataCollector.dll
C:\Program Files\dotnet\sdk\5.0.404\Extensions\Microsoft.TestPlatform.Extensions.EventLogCollector.dll
C:\Program Files\dotnet\sdk\5.0.404\Extensions\Microsoft.TestPlatform.TestHostRuntimeProvider.dll
C:\Program Files\dotnet\sdk\5.0.404\Extensions\Microsoft.VisualStudio.TestPlatform.Extensions.Html.TestLogger.dll
C:\Program Files\dotnet\sdk\5.0.404\Extensions\Microsoft.VisualStudio.TestPlatform.Extensions.Trx.TestLogger.dll
TpTrace Information: 0 : 16848, 1, 2021/12/22, 16:20:45.981, 643368092409, vstest.console.dll, AssemblyResolver.AddSearchDirectories: Adding more searchDirectories C:\Program Files\dotnet\sdk\5.0.404\Extensions,C:\Program Files\dotnet\sdk\5.0.404
TpTrace Information: 0 : 16848, 1, 2021/12/22, 16:20:45.981, 643368093093, vstest.console.dll, AssemblyResolver.AddSearchDirectories: Adding more searchDirectories C:\Program Files\dotnet\sdk\5.0.404\Extensions,C:\Program Files\dotnet\sdk\5.0.404
TpTrace Information: 0 : 16848, 1, 2021/12/22, 16:20:45.981, 643368093495, vstest.console.dll, AssemblyResolver.AddSearchDirectories: Adding more searchDirectories C:\Program Files\dotnet\sdk\5.0.404\Extensions,C:\Program Files\dotnet\sdk\5.0.404
TpTrace Information: 0 : 16848, 1, 2021/12/22, 16:20:45.981, 643368093869, vstest.console.dll, AssemblyResolver.AddSearchDirectories: Adding more searchDirectories C:\Program Files\dotnet\sdk\5.0.404\Extensions,C:\Program Files\dotnet\sdk\5.0.404
TpTrace Information: 0 : 16848, 1, 2021/12/22, 16:20:45.981, 643368094191, vstest.console.dll, AssemblyResolver.AddSearchDirectories: Adding more searchDirectories C:\Program Files\dotnet\sdk\5.0.404\Extensions,C:\Program Files\dotnet\sdk\5.0.404
TpTrace Information: 0 : 16848, 1, 2021/12/22, 16:20:45.981, 643368094497, vstest.console.dll, AssemblyResolver.AddSearchDirectories: Adding more searchDirectories C:\Program Files\dotnet\sdk\5.0.404\Extensions,C:\Program Files\dotnet\sdk\5.0.404
TpTrace Information: 0 : 16848, 1, 2021/12/22, 16:20:45.981, 643368098510, vstest.console.dll, AssemblyResolver.OnResolve: Microsoft.Diagnostics.NETCore.Client: Resolving assembly.
TpTrace Information: 0 : 16848, 1, 2021/12/22, 16:20:45.981, 643368099273, vstest.console.dll, AssemblyResolver.OnResolve: Microsoft.Diagnostics.NETCore.Client: Searching in: 'C:\Program Files\dotnet\sdk\5.0.404\Extensions'.
TpTrace Information: 0 : 16848, 1, 2021/12/22, 16:20:45.983, 643368115844, vstest.console.dll, AssemblyResolver.OnResolve: Microsoft.Diagnostics.NETCore.Client: Loading assembly 'C:\Program Files\dotnet\sdk\5.0.404\Extensions\Microsoft.Diagnostics.NETCore.Client.dll'.
TpTrace Information: 0 : 16848, 1, 2021/12/22, 16:20:45.984, 643368129073, vstest.console.dll, AssemblyResolver.OnResolve: Resolved assembly: Microsoft.Diagnostics.NETCore.Client, from path: C:\Program Files\dotnet\sdk\5.0.404\Extensions\Microsoft.Diagnostics.NETCore.Client.dll
TpTrace Information: 0 : 16848, 1, 2021/12/22, 16:20:45.987, 643368157232, vstest.console.dll, AssemblyResolver.OnResolve: Microsoft.Bcl.AsyncInterfaces: Resolving assembly.
TpTrace Information: 0 : 16848, 1, 2021/12/22, 16:20:45.987, 643368158218, vstest.console.dll, AssemblyResolver.OnResolve: Microsoft.Bcl.AsyncInterfaces: Searching in: 'C:\Program Files\dotnet\sdk\5.0.404\Extensions'.
TpTrace Information: 0 : 16848, 1, 2021/12/22, 16:20:45.987, 643368159193, vstest.console.dll, AssemblyResolver.OnResolve: Microsoft.Bcl.AsyncInterfaces: Assembly path does not exist: 'C:\Program Files\dotnet\sdk\5.0.404\Extensions\Microsoft.Bcl.AsyncInterfaces.dll', returning.
TpTrace Information: 0 : 16848, 1, 2021/12/22, 16:20:45.988, 643368160085, vstest.console.dll, AssemblyResolver.OnResolve: Microsoft.Bcl.AsyncInterfaces: Assembly path does not exist: 'C:\Program Files\dotnet\sdk\5.0.404\Extensions\Microsoft.Bcl.AsyncInterfaces.exe', returning.
TpTrace Information: 0 : 16848, 1, 2021/12/22, 16:20:45.988, 643368160504, vstest.console.dll, AssemblyResolver.OnResolve: Microsoft.Bcl.AsyncInterfaces: Searching in: 'C:\Program Files\dotnet\sdk\5.0.404'.
TpTrace Information: 0 : 16848, 1, 2021/12/22, 16:20:45.988, 643368161212, vstest.console.dll, AssemblyResolver.OnResolve: Microsoft.Bcl.AsyncInterfaces: Assembly path does not exist: 'C:\Program Files\dotnet\sdk\5.0.404\Microsoft.Bcl.AsyncInterfaces.dll', returning.
TpTrace Information: 0 : 16848, 1, 2021/12/22, 16:20:45.988, 643368161887, vstest.console.dll, AssemblyResolver.OnResolve: Microsoft.Bcl.AsyncInterfaces: Assembly path does not exist: 'C:\Program Files\dotnet\sdk\5.0.404\Microsoft.Bcl.AsyncInterfaces.exe', returning.
TpTrace Information: 0 : 16848, 1, 2021/12/22, 16:20:45.988, 643368162331, vstest.console.dll, AssemblyResolver.OnResolve: Microsoft.Bcl.AsyncInterfaces: Failed to load assembly.
TpTrace Verbose: 0 : 16848, 1, 2021/12/22, 16:20:45.988, 643368162786, vstest.console.dll, CurrentDomainAssemblyResolve: Resolving assembly 'Microsoft.Bcl.AsyncInterfaces'.
TpTrace Information: 0 : 16848, 1, 2021/12/22, 16:20:45.988, 643368163476, vstest.console.dll, AssemblyResolver.OnResolve: Microsoft.Bcl.AsyncInterfaces: Resolving assembly.
TpTrace Information: 0 : 16848, 1, 2021/12/22, 16:20:45.988, 643368163910, vstest.console.dll, AssemblyResolver.OnResolve: Microsoft.Bcl.AsyncInterfaces: Resolved from cache.
TpTrace Verbose: 0 : 16848, 1, 2021/12/22, 16:20:45.988, 643368164247, vstest.console.dll, CurrentDomainAssemblyResolve: Resolving assembly 'Microsoft.Bcl.AsyncInterfaces'.
TpTrace Verbose: 0 : 16848, 1, 2021/12/22, 16:20:45.988, 643368164695, vstest.console.dll, CurrentDomainAssemblyResolve: Failed to resolve assembly 'Microsoft.Bcl.AsyncInterfaces'.
TpTrace Verbose: 0 : 16848, 1, 2021/12/22, 16:20:45.990, 643368185999, vstest.console.dll, CurrentDomainAssemblyResolve: Failed to resolve assembly 'Microsoft.Bcl.AsyncInterfaces'.
TpTrace Warning: 0 : 16848, 1, 2021/12/22, 16:20:46.031, 643368598634, vstest.console.dll, TestPluginDiscoverer: Failed to get types from assembly 'Microsoft.Diagnostics.NETCore.Client, Version=0.2.2.41902, Culture=neutral, PublicKeyToken=31bf3856ad364e35'.  Skipping test extension scan for this assembly.  Error: System.Reflection.ReflectionTypeLoadException: Unable to load one or more of the requested types.
Could not load file or assembly 'Microsoft.Bcl.AsyncInterfaces, Version=1.0.0.0, Culture=neutral, PublicKeyToken=cc7b13ffcd2ddd51'. The system cannot find the file specified.
   at System.Reflection.RuntimeModule.GetTypes(RuntimeModule module)
   at System.Reflection.RuntimeModule.GetTypes()
   at System.Reflection.Assembly.GetTypes()
   at Microsoft.VisualStudio.TestPlatform.Common.ExtensionFramework.TestPluginDiscoverer.GetTestExtensionsFromAssembly[TPluginInfo,TExtension](Assembly assembly, Dictionary`2 pluginInfos)
System.IO.FileNotFoundException: Could not load file or assembly 'Microsoft.Bcl.AsyncInterfaces, Version=1.0.0.0, Culture=neutral, PublicKeyToken=cc7b13ffcd2ddd51'. The system cannot find the file specified.
File name: 'Microsoft.Bcl.AsyncInterfaces, Version=1.0.0.0, Culture=neutral, PublicKeyToken=cc7b13ffcd2ddd51'
TpTrace Warning: 0 : 16848, 1, 2021/12/22, 16:20:46.032, 643368600573, vstest.console.dll, LoaderExceptions: System.IO.FileNotFoundException: Could not load file or assembly 'Microsoft.Bcl.AsyncInterfaces, Version=1.0.0.0, Culture=neutral, PublicKeyToken=cc7b13ffcd2ddd51'. The system cannot find the file specified.
File name: 'Microsoft.Bcl.AsyncInterfaces, Version=1.0.0.0, Culture=neutral, PublicKeyToken=cc7b13ffcd2ddd51'
TpTrace Information: 0 : 16848, 1, 2021/12/22, 16:20:46.032, 643368601998, vstest.console.dll, AssemblyResolver.OnResolve: Microsoft.TestPlatform.Extensions.BlameDataCollector: Resolving assembly.
TpTrace Information: 0 : 16848, 1, 2021/12/22, 16:20:46.032, 643368602531, vstest.console.dll, AssemblyResolver.OnResolve: Microsoft.TestPlatform.Extensions.BlameDataCollector: Searching in: 'C:\Program Files\dotnet\sdk\5.0.404\Extensions'.
TpTrace Information: 0 : 16848, 1, 2021/12/22, 16:20:46.034, 643368624946, vstest.console.dll, AssemblyResolver.OnResolve: Microsoft.TestPlatform.Extensions.BlameDataCollector: Loading assembly 'C:\Program Files\dotnet\sdk\5.0.404\Extensions\Microsoft.TestPlatform.Extensions.BlameDataCollector.dll'.
TpTrace Information: 0 : 16848, 1, 2021/12/22, 16:20:46.035, 643368639115, vstest.console.dll, AssemblyResolver.OnResolve: Resolved assembly: Microsoft.TestPlatform.Extensions.BlameDataCollector, from path: C:\Program Files\dotnet\sdk\5.0.404\Extensions\Microsoft.TestPlatform.Extensions.BlameDataCollector.dll
TpTrace Information: 0 : 16848, 1, 2021/12/22, 16:20:46.036, 643368646504, vstest.console.dll, AssemblyResolver.OnResolve: Microsoft.TestPlatform.Extensions.EventLogCollector: Resolving assembly.
TpTrace Information: 0 : 16848, 1, 2021/12/22, 16:20:46.036, 643368647293, vstest.console.dll, AssemblyResolver.OnResolve: Microsoft.TestPlatform.Extensions.EventLogCollector: Searching in: 'C:\Program Files\dotnet\sdk\5.0.404\Extensions'.
TpTrace Information: 0 : 16848, 1, 2021/12/22, 16:20:46.037, 643368658650, vstest.console.dll, AssemblyResolver.OnResolve: Microsoft.TestPlatform.Extensions.EventLogCollector: Loading assembly 'C:\Program Files\dotnet\sdk\5.0.404\Extensions\Microsoft.TestPlatform.Extensions.EventLogCollector.dll'.
TpTrace Information: 0 : 16848, 1, 2021/12/22, 16:20:46.038, 643368668312, vstest.console.dll, AssemblyResolver.OnResolve: Resolved assembly: Microsoft.TestPlatform.Extensions.EventLogCollector, from path: C:\Program Files\dotnet\sdk\5.0.404\Extensions\Microsoft.TestPlatform.Extensions.EventLogCollector.dll
TpTrace Information: 0 : 16848, 1, 2021/12/22, 16:20:46.042, 643368708920, vstest.console.dll, AssemblyResolver.OnResolve: Microsoft.TestPlatform.TestHostRuntimeProvider: Resolving assembly.
TpTrace Information: 0 : 16848, 1, 2021/12/22, 16:20:46.043, 643368709946, vstest.console.dll, AssemblyResolver.OnResolve: Microsoft.TestPlatform.TestHostRuntimeProvider: Searching in: 'C:\Program Files\dotnet\sdk\5.0.404\Extensions'.
TpTrace Information: 0 : 16848, 1, 2021/12/22, 16:20:46.044, 643368726946, vstest.console.dll, AssemblyResolver.OnResolve: Microsoft.TestPlatform.TestHostRuntimeProvider: Loading assembly 'C:\Program Files\dotnet\sdk\5.0.404\Extensions\Microsoft.TestPlatform.TestHostRuntimeProvider.dll'.
TpTrace Information: 0 : 16848, 1, 2021/12/22, 16:20:46.045, 643368735530, vstest.console.dll, AssemblyResolver.OnResolve: Resolved assembly: Microsoft.TestPlatform.TestHostRuntimeProvider, from path: C:\Program Files\dotnet\sdk\5.0.404\Extensions\Microsoft.TestPlatform.TestHostRuntimeProvider.dll
TpTrace Information: 0 : 16848, 1, 2021/12/22, 16:20:46.047, 643368751610, vstest.console.dll, AssemblyResolver.OnResolve: Microsoft.VisualStudio.TestPlatform.Extensions.Html.TestLogger: Resolving assembly.
TpTrace Information: 0 : 16848, 1, 2021/12/22, 16:20:46.047, 643368752597, vstest.console.dll, AssemblyResolver.OnResolve: Microsoft.VisualStudio.TestPlatform.Extensions.Html.TestLogger: Searching in: 'C:\Program Files\dotnet\sdk\5.0.404\Extensions'.
TpTrace Information: 0 : 16848, 1, 2021/12/22, 16:20:46.048, 643368762937, vstest.console.dll, AssemblyResolver.OnResolve: Microsoft.VisualStudio.TestPlatform.Extensions.Html.TestLogger: Loading assembly 'C:\Program Files\dotnet\sdk\5.0.404\Extensions\Microsoft.VisualStudio.TestPlatform.Extensions.Html.TestLogger.dll'.
TpTrace Information: 0 : 16848, 1, 2021/12/22, 16:20:46.049, 643368777353, vstest.console.dll, AssemblyResolver.OnResolve: Resolved assembly: Microsoft.VisualStudio.TestPlatform.Extensions.Html.TestLogger, from path: C:\Program Files\dotnet\sdk\5.0.404\Extensions\Microsoft.VisualStudio.TestPlatform.Extensions.Html.TestLogger.dll
TpTrace Information: 0 : 16848, 1, 2021/12/22, 16:20:46.050, 643368784960, vstest.console.dll, AssemblyResolver.OnResolve: Microsoft.VisualStudio.TestPlatform.Extensions.Trx.TestLogger: Resolving assembly.
TpTrace Information: 0 : 16848, 1, 2021/12/22, 16:20:46.050, 643368786292, vstest.console.dll, AssemblyResolver.OnResolve: Microsoft.VisualStudio.TestPlatform.Extensions.Trx.TestLogger: Searching in: 'C:\Program Files\dotnet\sdk\5.0.404\Extensions'.
TpTrace Information: 0 : 16848, 1, 2021/12/22, 16:20:46.053, 643368811288, vstest.console.dll, AssemblyResolver.OnResolve: Microsoft.VisualStudio.TestPlatform.Extensions.Trx.TestLogger: Loading assembly 'C:\Program Files\dotnet\sdk\5.0.404\Extensions\Microsoft.VisualStudio.TestPlatform.Extensions.Trx.TestLogger.dll'.
TpTrace Information: 0 : 16848, 1, 2021/12/22, 16:20:46.055, 643368833427, vstest.console.dll, AssemblyResolver.OnResolve: Resolved assembly: Microsoft.VisualStudio.TestPlatform.Extensions.Trx.TestLogger, from path: C:\Program Files\dotnet\sdk\5.0.404\Extensions\Microsoft.VisualStudio.TestPlatform.Extensions.Trx.TestLogger.dll
TpTrace Verbose: 0 : 16848, 1, 2021/12/22, 16:20:46.056, 643368840358, vstest.console.dll, TestPluginCache: Discovered the extensions using extension path ''.
TpTrace Verbose: 0 : 16848, 1, 2021/12/22, 16:20:46.056, 643368841118, vstest.console.dll, TestPluginCache: Discoverers are ''.
TpTrace Verbose: 0 : 16848, 1, 2021/12/22, 16:20:46.056, 643368841504, vstest.console.dll, TestPluginCache: Executors are ''.
TpTrace Verbose: 0 : 16848, 1, 2021/12/22, 16:20:46.056, 643368841836, vstest.console.dll, TestPluginCache: Executors2 are ''.
TpTrace Verbose: 0 : 16848, 1, 2021/12/22, 16:20:46.056, 643368842156, vstest.console.dll, TestPluginCache: Setting providers are ''.
TpTrace Verbose: 0 : 16848, 1, 2021/12/22, 16:20:46.056, 643368842473, vstest.console.dll, TestPluginCache: Loggers are ''.
TpTrace Information: 0 : 16848, 1, 2021/12/22, 16:20:46.063, 643368910330, vstest.console.dll, RunTestsArgumentProcessor:Execute: Test run is starting.
TpTrace Verbose: 0 : 16848, 1, 2021/12/22, 16:20:46.063, 643368911771, vstest.console.dll, RunTestsArgumentProcessor:Execute: Queuing Test run.
TpTrace Information: 0 : 16848, 1, 2021/12/22, 16:20:46.063, 643368915448, vstest.console.dll, TestRequestManager.RunTests: run tests started.
TpTrace Information: 0 : 16848, 1, 2021/12/22, 16:20:46.070, 643368980335, vstest.console.dll, AssemblyMetadataProvider.GetFrameWork: Determined framework:'.NETCoreApp,Version=v5.0' for source: 'C:\Users\Abhijit\Desktop\API's\CalculateNetWorthAPI\CalculateNetWorthUnitTesting\bin\Debug\net5.0\fine-code-coverage\build-output\CalculateNetWorthUnitTesting.dll'
TpTrace Information: 0 : 16848, 1, 2021/12/22, 16:20:46.070, 643368984092, vstest.console.dll, Determined framework for all sources: .NETCoreApp,Version=v5.0
TpTrace Information: 0 : 16848, 1, 2021/12/22, 16:20:46.071, 643368991664, vstest.console.dll, AssemblyMetadataProvider.GetArchitecture: Determined architecture:AnyCPU info for assembly: C:\Users\Abhijit\Desktop\API's\CalculateNetWorthAPI\CalculateNetWorthUnitTesting\bin\Debug\net5.0\fine-code-coverage\build-output\CalculateNetWorthUnitTesting.dll
TpTrace Information: 0 : 16848, 1, 2021/12/22, 16:20:46.074, 643369021430, vstest.console.dll, Determined platform for all sources: X64
TpTrace Information: 0 : 16848, 1, 2021/12/22, 16:20:46.077, 643369050910, vstest.console.dll, Compatible sources list : 
TpTrace Information: 0 : 16848, 1, 2021/12/22, 16:20:46.077, 643369052142, vstest.console.dll, C:\Users\Abhijit\Desktop\API's\CalculateNetWorthAPI\CalculateNetWorthUnitTesting\bin\Debug\net5.0\fine-code-coverage\build-output\CalculateNetWorthUnitTesting.dll
TpTrace Information: 0 : 16848, 1, 2021/12/22, 16:20:46.080, 643369084200, vstest.console.dll, InferRunSettingsHelper.IsTestSettingsEnabled: Unable to navigate to RunSettings/MSTest. Current node: RunSettings
TpTrace Information: 0 : 16848, 1, 2021/12/22, 16:20:46.081, 643369092723, vstest.console.dll, AssemblyResolver.OnResolve: Microsoft.VisualStudio.TestPlatform.Fakes: Resolving assembly.
TpTrace Information: 0 : 16848, 1, 2021/12/22, 16:20:46.081, 643369093587, vstest.console.dll, AssemblyResolver.OnResolve: Microsoft.VisualStudio.TestPlatform.Fakes: Searching in: 'C:\Program Files\dotnet\sdk\5.0.404\Extensions'.
TpTrace Information: 0 : 16848, 1, 2021/12/22, 16:20:46.081, 643369095028, vstest.console.dll, AssemblyResolver.OnResolve: Microsoft.VisualStudio.TestPlatform.Fakes: Assembly path does not exist: 'C:\Program Files\dotnet\sdk\5.0.404\Extensions\Microsoft.VisualStudio.TestPlatform.Fakes.dll', returning.
TpTrace Information: 0 : 16848, 1, 2021/12/22, 16:20:46.081, 643369095938, vstest.console.dll, AssemblyResolver.OnResolve: Microsoft.VisualStudio.TestPlatform.Fakes: Assembly path does not exist: 'C:\Program Files\dotnet\sdk\5.0.404\Extensions\Microsoft.VisualStudio.TestPlatform.Fakes.exe', returning.
TpTrace Information: 0 : 16848, 1, 2021/12/22, 16:20:46.081, 643369096474, vstest.console.dll, AssemblyResolver.OnResolve: Microsoft.VisualStudio.TestPlatform.Fakes: Searching in: 'C:\Program Files\dotnet\sdk\5.0.404'.
TpTrace Information: 0 : 16848, 1, 2021/12/22, 16:20:46.081, 643369097368, vstest.console.dll, AssemblyResolver.OnResolve: Microsoft.VisualStudio.TestPlatform.Fakes: Assembly path does not exist: 'C:\Program Files\dotnet\sdk\5.0.404\Microsoft.VisualStudio.TestPlatform.Fakes.dll', returning.
TpTrace Information: 0 : 16848, 1, 2021/12/22, 16:20:46.081, 643369098283, vstest.console.dll, AssemblyResolver.OnResolve: Microsoft.VisualStudio.TestPlatform.Fakes: Assembly path does not exist: 'C:\Program Files\dotnet\sdk\5.0.404\Microsoft.VisualStudio.TestPlatform.Fakes.exe', returning.
TpTrace Information: 0 : 16848, 1, 2021/12/22, 16:20:46.081, 643369098706, vstest.console.dll, AssemblyResolver.OnResolve: Microsoft.VisualStudio.TestPlatform.Fakes: Failed to load assembly.
TpTrace Information: 0 : 16848, 1, 2021/12/22, 16:20:46.082, 643369106096, vstest.console.dll, Failed to create newly implemented Fakes Configurator. Reason:System.IO.FileNotFoundException: Could not load file or assembly 'Microsoft.VisualStudio.TestPlatform.Fakes, Version=16.0.0.0, Culture=neutral, PublicKeyToken=null'. The system cannot find the file specified.
File name: 'Microsoft.VisualStudio.TestPlatform.Fakes, Version=16.0.0.0, Culture=neutral, PublicKeyToken=null'
   at System.Reflection.RuntimeAssembly.InternalLoad(ObjectHandleOnStack assemblyName, ObjectHandleOnStack requestingAssembly, StackCrawlMarkHandle stackMark, Boolean throwOnFileNotFound, ObjectHandleOnStack assemblyLoadContext, ObjectHandleOnStack retAssembly)
   at System.Reflection.RuntimeAssembly.InternalLoad(AssemblyName assemblyName, RuntimeAssembly requestingAssembly, StackCrawlMark& stackMark, Boolean throwOnFileNotFound, AssemblyLoadContext assemblyLoadContext)
   at System.Reflection.Assembly.Load(AssemblyName assemblyRef)
   at Microsoft.VisualStudio.TestPlatform.Common.Utilities.FakesUtilities.TryGetFakesCrossPlatformDataCollectorConfigurator() 
TpTrace Verbose: 0 : 16848, 1, 2021/12/22, 16:20:46.087, 643369159008, vstest.console.dll, TestPluginCache.DiscoverTestExtensions: finding test extensions in assemblies ends with: TestLogger.dll TPluginInfo: Microsoft.VisualStudio.TestPlatform.Common.ExtensionFramework.Utilities.TestLoggerPluginInformation TExtension: Microsoft.VisualStudio.TestPlatform.ObjectModel.Client.ITestLogger
TpTrace Verbose: 0 : 16848, 1, 2021/12/22, 16:20:46.088, 643369160248, vstest.console.dll, TestPluginCache.GetExtensionPaths: Filtered extension paths: 
TpTrace Verbose: 0 : 16848, 1, 2021/12/22, 16:20:46.088, 643369160714, vstest.console.dll, TestPluginCache.GetExtensionPaths: Added default extension paths: C:\Program Files\dotnet\sdk\5.0.404\Extensions\Microsoft.Diagnostics.NETCore.Client.dll
C:\Program Files\dotnet\sdk\5.0.404\Extensions\Microsoft.TestPlatform.Extensions.BlameDataCollector.dll
C:\Program Files\dotnet\sdk\5.0.404\Extensions\Microsoft.TestPlatform.Extensions.EventLogCollector.dll
C:\Program Files\dotnet\sdk\5.0.404\Extensions\Microsoft.TestPlatform.TestHostRuntimeProvider.dll
C:\Program Files\dotnet\sdk\5.0.404\Extensions\Microsoft.VisualStudio.TestPlatform.Extensions.Html.TestLogger.dll
C:\Program Files\dotnet\sdk\5.0.404\Extensions\Microsoft.VisualStudio.TestPlatform.Extensions.Trx.TestLogger.dll
TpTrace Verbose: 0 : 16848, 1, 2021/12/22, 16:20:46.088, 643369161181, vstest.console.dll, TestPluginCache.GetExtensionPaths: Added unfilterableExtensionPaths: 
TpTrace Information: 0 : 16848, 1, 2021/12/22, 16:20:46.088, 643369163033, vstest.console.dll, AssemblyResolver.AddSearchDirectories: Adding more searchDirectories C:\Program Files\dotnet\sdk\5.0.404\Extensions,C:\Program Files\dotnet\sdk\5.0.404
TpTrace Verbose: 0 : 16848, 1, 2021/12/22, 16:20:46.088, 643369163610, vstest.console.dll, TestPluginCache.DiscoverTestExtensions: Discovering the extensions using extension path.
TpTrace Verbose: 0 : 16848, 1, 2021/12/22, 16:20:46.088, 643369164052, vstest.console.dll, TestPluginCache.GetExtensionPaths: Filtered extension paths: 
TpTrace Verbose: 0 : 16848, 1, 2021/12/22, 16:20:46.088, 643369164539, vstest.console.dll, TestPluginCache.GetExtensionPaths: Added default extension paths: C:\Program Files\dotnet\sdk\5.0.404\Extensions\Microsoft.Diagnostics.NETCore.Client.dll
C:\Program Files\dotnet\sdk\5.0.404\Extensions\Microsoft.TestPlatform.Extensions.BlameDataCollector.dll
C:\Program Files\dotnet\sdk\5.0.404\Extensions\Microsoft.TestPlatform.Extensions.EventLogCollector.dll
C:\Program Files\dotnet\sdk\5.0.404\Extensions\Microsoft.TestPlatform.TestHostRuntimeProvider.dll
C:\Program Files\dotnet\sdk\5.0.404\Extensions\Microsoft.VisualStudio.TestPlatform.Extensions.Html.TestLogger.dll
C:\Program Files\dotnet\sdk\5.0.404\Extensions\Microsoft.VisualStudio.TestPlatform.Extensions.Trx.TestLogger.dll
TpTrace Verbose: 0 : 16848, 1, 2021/12/22, 16:20:46.088, 643369164936, vstest.console.dll, TestPluginCache.GetExtensionPaths: Added unfilterableExtensionPaths: 
TpTrace Verbose: 0 : 16848, 1, 2021/12/22, 16:20:46.088, 643369165392, vstest.console.dll, TestPluginCache.DiscoverTestExtensions: Discovering the extensions using allExtensionPaths: C:\Program Files\dotnet\sdk\5.0.404\Extensions\Microsoft.Diagnostics.NETCore.Client.dll
C:\Program Files\dotnet\sdk\5.0.404\Extensions\Microsoft.TestPlatform.Extensions.BlameDataCollector.dll
C:\Program Files\dotnet\sdk\5.0.404\Extensions\Microsoft.TestPlatform.Extensions.EventLogCollector.dll
C:\Program Files\dotnet\sdk\5.0.404\Extensions\Microsoft.TestPlatform.TestHostRuntimeProvider.dll
C:\Program Files\dotnet\sdk\5.0.404\Extensions\Microsoft.VisualStudio.TestPlatform.Extensions.Html.TestLogger.dll
C:\Program Files\dotnet\sdk\5.0.404\Extensions\Microsoft.VisualStudio.TestPlatform.Extensions.Trx.TestLogger.dll
TpTrace Information: 0 : 16848, 1, 2021/12/22, 16:20:46.088, 643369166018, vstest.console.dll, AssemblyResolver.AddSearchDirectories: Adding more searchDirectories C:\Program Files\dotnet\sdk\5.0.404\Extensions,C:\Program Files\dotnet\sdk\5.0.404
TpTrace Information: 0 : 16848, 1, 2021/12/22, 16:20:46.088, 643369167018, vstest.console.dll, AssemblyResolver.AddSearchDirectories: Adding more searchDirectories C:\Program Files\dotnet\sdk\5.0.404\Extensions,C:\Program Files\dotnet\sdk\5.0.404
TpTrace Information: 0 : 16848, 1, 2021/12/22, 16:20:46.088, 643369167548, vstest.console.dll, AssemblyResolver.AddSearchDirectories: Adding more searchDirectories C:\Program Files\dotnet\sdk\5.0.404\Extensions,C:\Program Files\dotnet\sdk\5.0.404
TpTrace Information: 0 : 16848, 1, 2021/12/22, 16:20:46.088, 643369167949, vstest.console.dll, AssemblyResolver.AddSearchDirectories: Adding more searchDirectories C:\Program Files\dotnet\sdk\5.0.404\Extensions,C:\Program Files\dotnet\sdk\5.0.404
TpTrace Information: 0 : 16848, 1, 2021/12/22, 16:20:46.088, 643369168451, vstest.console.dll, AssemblyResolver.AddSearchDirectories: Adding more searchDirectories C:\Program Files\dotnet\sdk\5.0.404\Extensions,C:\Program Files\dotnet\sdk\5.0.404
TpTrace Information: 0 : 16848, 1, 2021/12/22, 16:20:46.088, 643369168832, vstest.console.dll, AssemblyResolver.AddSearchDirectories: Adding more searchDirectories C:\Program Files\dotnet\sdk\5.0.404\Extensions,C:\Program Files\dotnet\sdk\5.0.404
TpTrace Information: 0 : 16848, 1, 2021/12/22, 16:20:46.089, 643369171693, vstest.console.dll, AssemblyResolver.OnResolve: Microsoft.Bcl.AsyncInterfaces: Resolving assembly.
TpTrace Information: 0 : 16848, 1, 2021/12/22, 16:20:46.089, 643369172267, vstest.console.dll, AssemblyResolver.OnResolve: Microsoft.Bcl.AsyncInterfaces: Resolved from cache.
TpTrace Verbose: 0 : 16848, 1, 2021/12/22, 16:20:46.089, 643369172694, vstest.console.dll, CurrentDomainAssemblyResolve: Resolving assembly 'Microsoft.Bcl.AsyncInterfaces'.
TpTrace Information: 0 : 16848, 1, 2021/12/22, 16:20:46.089, 643369173408, vstest.console.dll, AssemblyResolver.OnResolve: Microsoft.Bcl.AsyncInterfaces: Resolving assembly.
TpTrace Information: 0 : 16848, 1, 2021/12/22, 16:20:46.089, 643369173848, vstest.console.dll, AssemblyResolver.OnResolve: Microsoft.Bcl.AsyncInterfaces: Resolved from cache.
TpTrace Verbose: 0 : 16848, 1, 2021/12/22, 16:20:46.089, 643369174262, vstest.console.dll, CurrentDomainAssemblyResolve: Resolving assembly 'Microsoft.Bcl.AsyncInterfaces'.
TpTrace Verbose: 0 : 16848, 1, 2021/12/22, 16:20:46.089, 643369174621, vstest.console.dll, CurrentDomainAssemblyResolve: Failed to resolve assembly 'Microsoft.Bcl.AsyncInterfaces'.
TpTrace Verbose: 0 : 16848, 1, 2021/12/22, 16:20:46.089, 643369176681, vstest.console.dll, CurrentDomainAssemblyResolve: Failed to resolve assembly 'Microsoft.Bcl.AsyncInterfaces'.
TpTrace Warning: 0 : 16848, 1, 2021/12/22, 16:20:46.090, 643369179999, vstest.console.dll, TestPluginDiscoverer: Failed to get types from assembly 'Microsoft.Diagnostics.NETCore.Client, Version=0.2.2.41902, Culture=neutral, PublicKeyToken=31bf3856ad364e35'.  Skipping test extension scan for this assembly.  Error: System.Reflection.ReflectionTypeLoadException: Unable to load one or more of the requested types.
Could not load file or assembly 'Microsoft.Bcl.AsyncInterfaces, Version=1.0.0.0, Culture=neutral, PublicKeyToken=cc7b13ffcd2ddd51'. The system cannot find the file specified.
   at System.Reflection.RuntimeModule.GetTypes(RuntimeModule module)
   at System.Reflection.RuntimeModule.GetTypes()
   at System.Reflection.Assembly.GetTypes()
   at Microsoft.VisualStudio.TestPlatform.Common.ExtensionFramework.TestPluginDiscoverer.GetTestExtensionsFromAssembly[TPluginInfo,TExtension](Assembly assembly, Dictionary`2 pluginInfos)
System.IO.FileNotFoundException: Could not load file or assembly 'Microsoft.Bcl.AsyncInterfaces, Version=1.0.0.0, Culture=neutral, PublicKeyToken=cc7b13ffcd2ddd51'. The system cannot find the file specified.
File name: 'Microsoft.Bcl.AsyncInterfaces, Version=1.0.0.0, Culture=neutral, PublicKeyToken=cc7b13ffcd2ddd51'
TpTrace Warning: 0 : 16848, 1, 2021/12/22, 16:20:46.090, 643369180728, vstest.console.dll, LoaderExceptions: System.IO.FileNotFoundException: Could not load file or assembly 'Microsoft.Bcl.AsyncInterfaces, Version=1.0.0.0, Culture=neutral, PublicKeyToken=cc7b13ffcd2ddd51'. The system cannot find the file specified.
File name: 'Microsoft.Bcl.AsyncInterfaces, Version=1.0.0.0, Culture=neutral, PublicKeyToken=cc7b13ffcd2ddd51'
TpTrace Verbose: 0 : 16848, 1, 2021/12/22, 16:20:46.090, 643369186767, vstest.console.dll, TestPluginCache: Discovered the extensions using extension path ''.
TpTrace Verbose: 0 : 16848, 1, 2021/12/22, 16:20:46.090, 643369187738, vstest.console.dll, TestPluginCache: Discoverers are ''.
TpTrace Verbose: 0 : 16848, 1, 2021/12/22, 16:20:46.090, 643369188180, vstest.console.dll, TestPluginCache: Executors are ''.
TpTrace Verbose: 0 : 16848, 1, 2021/12/22, 16:20:46.090, 643369188579, vstest.console.dll, TestPluginCache: Executors2 are ''.
TpTrace Verbose: 0 : 16848, 1, 2021/12/22, 16:20:46.090, 643369188919, vstest.console.dll, TestPluginCache: Setting providers are ''.
TpTrace Verbose: 0 : 16848, 1, 2021/12/22, 16:20:46.091, 643369189765, vstest.console.dll, TestPluginCache: Loggers are 'logger://Microsoft/TestPlatform/Extensions/Blame/v1,logger://Microsoft/TestPlatform/HtmlLogger/v1,logger://Microsoft/TestPlatform/TrxLogger/v1'.
TpTrace Information: 0 : 16848, 1, 2021/12/22, 16:20:46.091, 643369197090, vstest.console.dll, TestPluginManager.CreateTestExtension: Attempting to load test extension: Microsoft.TestPlatform.Extensions.BlameDataCollector.BlameLogger
TpTrace Information: 0 : 16848, 1, 2021/12/22, 16:20:46.102, 643369304962, vstest.console.dll, TestPluginManager.CreateTestExtension: Attempting to load test extension: Microsoft.VisualStudio.TestPlatform.CrossPlatEngine.Hosting.DefaultTestHostManager
TpTrace Information: 0 : 16848, 1, 2021/12/22, 16:20:46.102, 643369308597, vstest.console.dll, TestPluginManager.CreateTestExtension: Attempting to load test extension: Microsoft.VisualStudio.TestPlatform.CrossPlatEngine.Hosting.DotnetTestHostManager
TpTrace Verbose: 0 : 16848, 1, 2021/12/22, 16:20:46.103, 643369315013, vstest.console.dll, TestEngine: Initializing Parallel Execution as MaxCpuCount is set to: 1
TpTrace Information: 0 : 16848, 1, 2021/12/22, 16:20:46.104, 643369321197, vstest.console.dll, InferRunSettingsHelper.IsTestSettingsEnabled: Unable to navigate to RunSettings/MSTest. Current node: RunSettings
TpTrace Verbose: 0 : 16848, 1, 2021/12/22, 16:20:46.135, 643369636420, vstest.console.dll, TestRequestSender is acting as server
TpTrace Verbose: 0 : 16848, 4, 2021/12/22, 16:20:46.140, 643369686070, vstest.console.dll, DataCollectionRequestSender.InitializeCommunication : Initialize communication. 
TpTrace Information: 0 : 16848, 4, 2021/12/22, 16:20:46.155, 643369833094, vstest.console.dll, Listening on Endpoint : 127.0.0.1:50126
TpTrace Verbose: 0 : 16848, 4, 2021/12/22, 16:20:46.169, 643369977941, vstest.console.dll, DotnetDataCollectionLauncher: Full path of dotnet.exe is C:\Program Files\dotnet\dotnet.exe
TpTrace Verbose: 0 : 16848, 4, 2021/12/22, 16:20:46.170, 643369984584, vstest.console.dll, DotnetDataCollectionLauncher: Adding  --runtimeconfig "C:\Program Files\dotnet\sdk\5.0.404\datacollector.runtimeconfig.json" in args
TpTrace Verbose: 0 : 16848, 4, 2021/12/22, 16:20:46.170, 643369987676, vstest.console.dll, DotnetDataCollectionLauncher: Adding  --depsfile "C:\Program Files\dotnet\sdk\5.0.404\datacollector.deps.json" in args
TpTrace Information: 0 : 16848, 4, 2021/12/22, 16:20:46.181, 643370095888, vstest.console.dll, ProxyDataCollectionManager.Initialize: Launched datacollector processId: 23104 port: 50126
TpTrace Information: 0 : 16848, 4, 2021/12/22, 16:20:46.181, 643370098432, vstest.console.dll, ProxyDataCollectionManager.Initialize: waiting for connection with timeout: 90 seconds
TpTrace Verbose: 0 : 16848, 4, 2021/12/22, 16:20:46.181, 643370099533, vstest.console.dll, DataCollectionRequestSender.WaitForRequestHandlerConnection : Waiting for connection with timeout: 90000
TpTrace Information: 0 : 16848, 7, 2021/12/22, 16:20:46.388, 643372159601, vstest.console.dll, Using the buffer size of 16384 bytes
TpTrace Verbose: 0 : 16848, 4, 2021/12/22, 16:20:46.388, 643372160140, vstest.console.dll, ProxyDataCollectionManager.InvokeDataCollectionServiceAction: Starting.
TpTrace Information: 0 : 16848, 7, 2021/12/22, 16:20:46.388, 643372160618, vstest.console.dll, Accepted Client request and set the flag
TpTrace Information: 0 : 16848, 4, 2021/12/22, 16:20:46.388, 643372161765, vstest.console.dll, ProxyDataCollectionManager.BeforeTestRunStart: Get environment variable and port for datacollector processId: 23104 port: 50126
TpTrace Verbose: 0 : 16848, 4, 2021/12/22, 16:20:46.388, 643372163642, vstest.console.dll, DataCollectionRequestSender.SendBeforeTestRunStartAndGetResult : Send BeforeTestRunStart message with settingsXml <RunSettings><RunConfiguration><ResultsDirectory>C:\Users\Abhijit\Desktop\API's\CalculateNetWorthAPI\CalculateNetWorthUnitTesting\bin\Debug\net5.0\fine-code-coverage\coverage-tool-output</ResultsDirectory><TargetPlatform>X64</TargetPlatform><TargetFrameworkVersion>.NETCoreApp,Version=v5.0</TargetFrameworkVersion><DesignMode>False</DesignMode><CollectSourceInformation>False</CollectSourceInformation><TestAdaptersPaths>C:\Program Files\dotnet\sdk\5.0.404\Extensions</TestAdaptersPaths></RunConfiguration><LoggerRunSettings><Loggers><Logger friendlyName="blame" enabled="True" /><Logger friendlyName="Console" uri="logger://microsoft/TestPlatform/ConsoleLogger/v1" assemblyQualifiedName="Microsoft.VisualStudio.TestPlatform.CommandLine.Internal.ConsoleLogger, vstest.console, Version=15.0.0.0, Culture=neutral, PublicKeyToken=b03f5f7f11d50a3a" codeBase="C:\Program Files\dotnet\sdk\5.0.404\vstest.console.dll" enabled="True" /></Loggers></LoggerRunSettings><DataCollectionRunSettings><DataCollectors><DataCollector friendlyName="blame" enabled="True"><Configuration><ResultsDirectory>C:\Users\Abhijit\Desktop\API's\CalculateNetWorthAPI\CalculateNetWorthUnitTesting\bin\Debug\net5.0\fine-code-coverage\coverage-tool-output</ResultsDirectory></Configuration></DataCollector></DataCollectors></DataCollectionRunSettings></RunSettings> and sources System.Linq.Enumerable+Concat2Iterator`1[System.String]: 
TpTrace Verbose: 0 : 16848, 4, 2021/12/22, 16:20:46.502, 643373308192, vstest.console.dll, DataCollectionRequestSender.SendBeforeTestRunStartAndGetResult : Received message: (DataCollection.SendMessage) -> {
  "FriendlyName": null,
  "Uri": null,
  "TestCaseId": "00000000-0000-0000-0000-000000000000",
  "Message": "Logging DataCollector Diagnostics in file: C:\\Users\\Abhijit\\Desktop\\API's\\CalculateNetWorthAPI\\CalculateNetWorthUnitTesting\\bin\\Debug\\net5.0\\fine-code-coverage\\coverage-tool-output\\diagnostics.datacollector.21-12-22_16-20-46_16337_4.log",
  "Level": 0
}
TpTrace Verbose: 0 : 16848, 4, 2021/12/22, 16:20:46.591, 643374198148, vstest.console.dll, DataCollectionRequestSender.SendBeforeTestRunStartAndGetResult : Received message: (DataCollection.BeforeTestRunStartResult) -> {
  "EnvironmentVariables": {},
  "DataCollectionEventsPort": 50128
}
TpTrace Information: 0 : 16848, 4, 2021/12/22, 16:20:46.595, 643374236091, vstest.console.dll, ProxyDataCollectionManager.BeforeTestRunStart: SendBeforeTestRunStartAndGetResult successful, env variable from datacollector:   and testhost port: 50128
TpTrace Information: 0 : 16848, 4, 2021/12/22, 16:20:46.595, 643374237383, vstest.console.dll, ProxyDataCollectionManager.InvokeDataCollectionServiceAction: Completed.
TpTrace Verbose: 0 : 16848, 1, 2021/12/22, 16:20:46.596, 643374239549, vstest.console.dll, TestRunRequest.ExecuteAsync: Creating test run request.
TpTrace Verbose: 0 : 16848, 1, 2021/12/22, 16:20:46.596, 643374242385, vstest.console.dll, TestRunRequest.ExecuteAsync: Starting.
TpTrace Information: 0 : 16848, 1, 2021/12/22, 16:20:46.596, 643374245385, vstest.console.dll, TestRunRequest.ExecuteAsync: Starting run with settings:TestRunCriteria:
   KeepAlive=False,FrequencyOfRunStatsChangeEvent=10,RunStatsChangeEventTimeout=00:00:01.5000000,TestCaseFilter=,TestExecutorLauncher=
   Settingsxml=<RunSettings>
  <RunConfiguration>
    <ResultsDirectory>C:\Users\Abhijit\Desktop\API's\CalculateNetWorthAPI\CalculateNetWorthUnitTesting\bin\Debug\net5.0\fine-code-coverage\coverage-tool-output</ResultsDirectory>
    <TargetPlatform>X64</TargetPlatform>
    <TargetFrameworkVersion>.NETCoreApp,Version=v5.0</TargetFrameworkVersion>
    <DesignMode>False</DesignMode>
    <CollectSourceInformation>False</CollectSourceInformation>
  </RunConfiguration>
  <LoggerRunSettings>
    <Loggers>
      <Logger friendlyName="blame" enabled="True" />
      <Logger friendlyName="Console" uri="logger://microsoft/TestPlatform/ConsoleLogger/v1" assemblyQualifiedName="Microsoft.VisualStudio.TestPlatform.CommandLine.Internal.ConsoleLogger, vstest.console, Version=15.0.0.0, Culture=neutral, PublicKeyToken=b03f5f7f11d50a3a" codeBase="C:\Program Files\dotnet\sdk\5.0.404\vstest.console.dll" enabled="True" />
    </Loggers>
  </LoggerRunSettings>
  <DataCollectionRunSettings>
    <DataCollectors>
      <DataCollector friendlyName="blame" enabled="True">
        <Configuration>
          <ResultsDirectory>C:\Users\Abhijit\Desktop\API's\CalculateNetWorthAPI\CalculateNetWorthUnitTesting\bin\Debug\net5.0\fine-code-coverage\coverage-tool-output</ResultsDirectory>
        </Configuration>
      </DataCollector>
    </DataCollectors>
  </DataCollectionRunSettings>
</RunSettings>

TpTrace Verbose: 0 : 16848, 1, 2021/12/22, 16:20:46.596, 643374245982, vstest.console.dll, TestRunRequest.ExecuteAsync: Wait for the first run request is over.
TpTrace Verbose: 0 : 16848, 1, 2021/12/22, 16:20:46.597, 643374250525, vstest.console.dll, ParallelProxyExecutionManager: Start execution. Total sources: 1
TpTrace Information: 0 : 16848, 1, 2021/12/22, 16:20:46.597, 643374258751, vstest.console.dll, ProxyParallelExecutionManager: Triggering test run for next source: C:\Users\Abhijit\Desktop\API's\CalculateNetWorthAPI\CalculateNetWorthUnitTesting\bin\Debug\net5.0\fine-code-coverage\build-output\CalculateNetWorthUnitTesting.dll
TpTrace Verbose: 0 : 16848, 4, 2021/12/22, 16:20:46.598, 643374263880, vstest.console.dll, ParallelProxyExecutionManager: Execution started. Started clients: 1
TpTrace Verbose: 0 : 16848, 1, 2021/12/22, 16:20:46.598, 643374265197, vstest.console.dll, ProxyParallelExecutionManager: No sources available for execution.
TpTrace Information: 0 : 16848, 1, 2021/12/22, 16:20:46.598, 643374266200, vstest.console.dll, TestRunRequest.ExecuteAsync: Started.
TpTrace Verbose: 0 : 16848, 1, 2021/12/22, 16:20:46.598, 643374267743, vstest.console.dll, TestRunRequest.WaitForCompletion: Waiting with timeout -1.
TpTrace Verbose: 0 : 16848, 4, 2021/12/22, 16:20:46.598, 643374269507, vstest.console.dll, TestRunRequest:SendTestRunMessage: Starting.
TpTrace Information: 0 : 16848, 4, 2021/12/22, 16:20:46.599, 643374271468, vstest.console.dll, TestRunRequest:SendTestRunMessage: Completed.
TpTrace Verbose: 0 : 16848, 4, 2021/12/22, 16:20:46.599, 643374274182, vstest.console.dll, ProxyExecutionManager: Test host is always Lazy initialize.
TpTrace Verbose: 0 : 16848, 4, 2021/12/22, 16:20:46.599, 643374277595, vstest.console.dll, TestRequestSender.InitializeCommunication: initialize communication. 
TpTrace Information: 0 : 16848, 4, 2021/12/22, 16:20:46.600, 643374284151, vstest.console.dll, SocketServer.Start: Listening on endpoint : 127.0.0.1:50129
TpTrace Verbose: 0 : 16848, 4, 2021/12/22, 16:20:46.601, 643374294959, vstest.console.dll, DotnetTestHostmanager: Adding  --runtimeconfig "C:\Users\Abhijit\Desktop\API's\CalculateNetWorthAPI\CalculateNetWorthUnitTesting\bin\Debug\net5.0\fine-code-coverage\build-output\CalculateNetWorthUnitTesting.runtimeconfig.json" in args
TpTrace Verbose: 0 : 16848, 4, 2021/12/22, 16:20:46.601, 643374297435, vstest.console.dll, DotnetTestHostmanager: Adding  --depsfile "C:\Users\Abhijit\Desktop\API's\CalculateNetWorthAPI\CalculateNetWorthUnitTesting\bin\Debug\net5.0\fine-code-coverage\build-output\CalculateNetWorthUnitTesting.deps.json" in args
TpTrace Verbose: 0 : 16848, 4, 2021/12/22, 16:20:46.602, 643374301267, vstest.console.dll, DotnetTestHostManager: Testhost.exe/testhost.x86.exe found at path: C:\Users\Abhijit\Desktop\API's\CalculateNetWorthAPI\CalculateNetWorthUnitTesting\bin\Debug\net5.0\fine-code-coverage\build-output\testhost.exe
TpTrace Verbose: 0 : 16848, 4, 2021/12/22, 16:20:46.602, 643374301918, vstest.console.dll, DotnetTestHostmanager: Full path of host exe is C:\Users\Abhijit\Desktop\API's\CalculateNetWorthAPI\CalculateNetWorthUnitTesting\bin\Debug\net5.0\fine-code-coverage\build-output\testhost.exe
TpTrace Verbose: 0 : 16848, 6, 2021/12/22, 16:20:46.603, 643374317753, vstest.console.dll, DotnetTestHostManager: Starting process 'C:\Users\Abhijit\Desktop\API's\CalculateNetWorthAPI\CalculateNetWorthUnitTesting\bin\Debug\net5.0\fine-code-coverage\build-output\testhost.exe' with command line ' --runtimeconfig "C:\Users\Abhijit\Desktop\API's\CalculateNetWorthAPI\CalculateNetWorthUnitTesting\bin\Debug\net5.0\fine-code-coverage\build-output\CalculateNetWorthUnitTesting.runtimeconfig.json" --depsfile "C:\Users\Abhijit\Desktop\API's\CalculateNetWorthAPI\CalculateNetWorthUnitTesting\bin\Debug\net5.0\fine-code-coverage\build-output\CalculateNetWorthUnitTesting.deps.json" --port 50129 --endpoint 127.0.0.1:050129 --role client --parentprocessid 16848 --diag "C:\Users\Abhijit\Desktop\API's\CalculateNetWorthAPI\CalculateNetWorthUnitTesting\bin\Debug\net5.0\fine-code-coverage\coverage-tool-output\diagnostics.host.21-12-22_16-20-46_60096_4.log" --tracelevel 4 --datacollectionport 50128 --telemetryoptedin false'
TpTrace Verbose: 0 : 16848, 6, 2021/12/22, 16:20:46.629, 643374571770, vstest.console.dll, Test Runtime launched
TpTrace Verbose: 0 : 16848, 4, 2021/12/22, 16:20:46.631, 643374594969, vstest.console.dll, TestRequestSender.WaitForRequestHandlerConnection: waiting for connection with timeout: 90000
TpTrace Verbose: 0 : 16848, 14, 2021/12/22, 16:20:46.883, 643377115266, vstest.console.dll, SocketServer.OnClientConnected: Client connected for endPoint: 127.0.0.1:50129, starting MessageLoopAsync:
TpTrace Verbose: 0 : 16848, 14, 2021/12/22, 16:20:46.883, 643377118363, vstest.console.dll, TcpClientExtensions.MessageLoopAsync: Polling on remoteEndPoint: 127.0.0.1:50130 localEndPoint: 127.0.0.1:50129
TpTrace Verbose: 0 : 16848, 14, 2021/12/22, 16:20:47.043, 643378710404, vstest.console.dll, TcpClientExtensions.MessageLoopAsync: NotifyDataAvailable remoteEndPoint: 127.0.0.1:50130 localEndPoint: 127.0.0.1:50129
TpTrace Verbose: 0 : 16848, 14, 2021/12/22, 16:20:47.043, 643378713084, vstest.console.dll, TestRequestSender.CheckVersionWithTestHost: onMessageReceived received message: (ProtocolVersion) -> 5
TpTrace Verbose: 0 : 16848, 14, 2021/12/22, 16:20:47.043, 643378717225, vstest.console.dll, TcpClientExtensions.MessageLoopAsync: Polling on remoteEndPoint: 127.0.0.1:50130 localEndPoint: 127.0.0.1:50129
TpTrace Verbose: 0 : 16848, 4, 2021/12/22, 16:20:47.043, 643378719117, vstest.console.dll, TestPluginCache.GetExtensionPaths: Filtered extension paths: 
TpTrace Verbose: 0 : 16848, 4, 2021/12/22, 16:20:47.044, 643378720152, vstest.console.dll, TestPluginCache.GetExtensionPaths: Added default extension paths: C:\Program Files\dotnet\sdk\5.0.404\Extensions\Microsoft.Diagnostics.NETCore.Client.dll
C:\Program Files\dotnet\sdk\5.0.404\Extensions\Microsoft.TestPlatform.Extensions.BlameDataCollector.dll
C:\Program Files\dotnet\sdk\5.0.404\Extensions\Microsoft.TestPlatform.Extensions.EventLogCollector.dll
C:\Program Files\dotnet\sdk\5.0.404\Extensions\Microsoft.TestPlatform.TestHostRuntimeProvider.dll
C:\Program Files\dotnet\sdk\5.0.404\Extensions\Microsoft.VisualStudio.TestPlatform.Extensions.Html.TestLogger.dll
C:\Program Files\dotnet\sdk\5.0.404\Extensions\Microsoft.VisualStudio.TestPlatform.Extensions.Trx.TestLogger.dll
TpTrace Verbose: 0 : 16848, 4, 2021/12/22, 16:20:47.044, 643378720879, vstest.console.dll, TestPluginCache.GetExtensionPaths: Added unfilterableExtensionPaths: 
TpTrace Verbose: 0 : 16848, 4, 2021/12/22, 16:20:47.048, 643378762900, vstest.console.dll, TestRequestSender.InitializeExecution: Sending initializing execution with message: {"Version":5,"MessageType":"TestExecution.Initialize","Payload":["C:\\Users\\Abhijit\\Desktop\\API's\\CalculateNetWorthAPI\\CalculateNetWorthUnitTesting\\bin\\Debug\\net5.0\\fine-code-coverage\\build-output\\NUnit3.TestAdapter.dll"]}
TpTrace Verbose: 0 : 16848, 14, 2021/12/22, 16:20:47.059, 643378879427, vstest.console.dll, TcpClientExtensions.MessageLoopAsync: NotifyDataAvailable remoteEndPoint: 127.0.0.1:50130 localEndPoint: 127.0.0.1:50129
TpTrace Verbose: 0 : 16848, 4, 2021/12/22, 16:20:47.060, 643378880426, vstest.console.dll, TestRequestSender.StartTestRun: Sending test run with message: {"Version":5,"MessageType":"TestExecution.StartWithSources","Payload":{"AdapterSourceMap":{"_none_":["C:\\Users\\Abhijit\\Desktop\\API's\\CalculateNetWorthAPI\\CalculateNetWorthUnitTesting\\bin\\Debug\\net5.0\\fine-code-coverage\\build-output\\CalculateNetWorthUnitTesting.dll"]},"RunSettings":"<RunSettings>\r\n  <RunConfiguration>\r\n    <ResultsDirectory>C:\\Users\\Abhijit\\Desktop\\API's\\CalculateNetWorthAPI\\CalculateNetWorthUnitTesting\\bin\\Debug\\net5.0\\fine-code-coverage\\coverage-tool-output</ResultsDirectory>\r\n    <TargetPlatform>X64</TargetPlatform>\r\n    <TargetFrameworkVersion>.NETCoreApp,Version=v5.0</TargetFrameworkVersion>\r\n    <DesignMode>False</DesignMode>\r\n    <CollectSourceInformation>False</CollectSourceInformation>\r\n  </RunConfiguration>\r\n  <LoggerRunSettings>\r\n    <Loggers>\r\n      <Logger friendlyName=\"blame\" enabled=\"True\" />\r\n      <Logger friendlyName=\"Console\" uri=\"logger://microsoft/TestPlatform/ConsoleLogger/v1\" assemblyQualifiedName=\"Microsoft.VisualStudio.TestPlatform.CommandLine.Internal.ConsoleLogger, vstest.console, Version=15.0.0.0, Culture=neutral, PublicKeyToken=b03f5f7f11d50a3a\" codeBase=\"C:\\Program Files\\dotnet\\sdk\\5.0.404\\vstest.console.dll\" enabled=\"True\" />\r\n    </Loggers>\r\n  </LoggerRunSettings>\r\n  <DataCollectionRunSettings>\r\n    <DataCollectors>\r\n      <DataCollector friendlyName=\"blame\" enabled=\"True\">\r\n        <Configuration>\r\n          <ResultsDirectory>C:\\Users\\Abhijit\\Desktop\\API's\\CalculateNetWorthAPI\\CalculateNetWorthUnitTesting\\bin\\Debug\\net5.0\\fine-code-coverage\\coverage-tool-output</ResultsDirectory>\r\n        </Configuration>\r\n      </DataCollector>\r\n    </DataCollectors>\r\n  </DataCollectionRunSettings>\r\n</RunSettings>","TestExecutionContext":{"FrequencyOfRunStatsChangeEvent":10,"RunStatsChangeEventTimeout":"00:00:01.5000000","InIsolation":false,"KeepAlive":false,"AreTestCaseLevelEventsRequired":false,"IsDebug":false,"TestCaseFilter":null,"FilterOptions":null},"Package":null}}
TpTrace Verbose: 0 : 16848, 14, 2021/12/22, 16:20:47.060, 643378883326, vstest.console.dll, TestRequestSender.OnExecutionMessageReceived: Received message: {"Version":5,"MessageType":"TestSession.Message","Payload":{"MessageLevel":0,"Message":"Logging TestHost Diagnostics in file: C:\\Users\\Abhijit\\Desktop\\API's\\CalculateNetWorthAPI\\CalculateNetWorthUnitTesting\\bin\\Debug\\net5.0\\fine-code-coverage\\coverage-tool-output\\diagnostics.host.21-12-22_16-20-46_60096_4.log"}}
TpTrace Verbose: 0 : 16848, 14, 2021/12/22, 16:20:47.063, 643378909678, vstest.console.dll, TestRunRequest:SendTestRunMessage: Starting.
TpTrace Information: 0 : 16848, 14, 2021/12/22, 16:20:47.063, 643378911436, vstest.console.dll, TestRunRequest:SendTestRunMessage: Completed.
TpTrace Verbose: 0 : 16848, 14, 2021/12/22, 16:20:47.063, 643378912185, vstest.console.dll, TcpClientExtensions.MessageLoopAsync: Polling on remoteEndPoint: 127.0.0.1:50130 localEndPoint: 127.0.0.1:50129
TpTrace Verbose: 0 : 16848, 14, 2021/12/22, 16:20:47.227, 643380556843, vstest.console.dll, TcpClientExtensions.MessageLoopAsync: NotifyDataAvailable remoteEndPoint: 127.0.0.1:50130 localEndPoint: 127.0.0.1:50129
TpTrace Verbose: 0 : 16848, 14, 2021/12/22, 16:20:47.227, 643380557977, vstest.console.dll, TestRequestSender.OnExecutionMessageReceived: Received message: {"Version":5,"MessageType":"TestSession.Message","Payload":{"MessageLevel":0,"Message":"NUnit Adapter 3.17.0.0: Test execution started"}}
TpTrace Verbose: 0 : 16848, 14, 2021/12/22, 16:20:47.228, 643380560103, vstest.console.dll, TestRunRequest:SendTestRunMessage: Starting.
TpTrace Information: 0 : 16848, 14, 2021/12/22, 16:20:47.228, 643380560922, vstest.console.dll, TestRunRequest:SendTestRunMessage: Completed.
TpTrace Verbose: 0 : 16848, 14, 2021/12/22, 16:20:47.228, 643380561303, vstest.console.dll, TcpClientExtensions.MessageLoopAsync: Polling on remoteEndPoint: 127.0.0.1:50130 localEndPoint: 127.0.0.1:50129
TpTrace Verbose: 0 : 16848, 14, 2021/12/22, 16:20:47.262, 643380905222, vstest.console.dll, TcpClientExtensions.MessageLoopAsync: NotifyDataAvailable remoteEndPoint: 127.0.0.1:50130 localEndPoint: 127.0.0.1:50129
TpTrace Verbose: 0 : 16848, 14, 2021/12/22, 16:20:47.262, 643380906377, vstest.console.dll, TestRequestSender.OnExecutionMessageReceived: Received message: {"Version":5,"MessageType":"TestSession.Message","Payload":{"MessageLevel":0,"Message":"Running all tests in C:\\Users\\Abhijit\\Desktop\\API's\\CalculateNetWorthAPI\\CalculateNetWorthUnitTesting\\bin\\Debug\\net5.0\\fine-code-coverage\\build-output\\CalculateNetWorthUnitTesting.dll"}}
TpTrace Verbose: 0 : 16848, 14, 2021/12/22, 16:20:47.262, 643380908093, vstest.console.dll, TestRunRequest:SendTestRunMessage: Starting.
TpTrace Information: 0 : 16848, 14, 2021/12/22, 16:20:47.262, 643380908819, vstest.console.dll, TestRunRequest:SendTestRunMessage: Completed.
TpTrace Verbose: 0 : 16848, 14, 2021/12/22, 16:20:47.262, 643380909443, vstest.console.dll, TcpClientExtensions.MessageLoopAsync: Polling on remoteEndPoint: 127.0.0.1:50130 localEndPoint: 127.0.0.1:50129
TpTrace Verbose: 0 : 16848, 14, 2021/12/22, 16:20:47.487, 643383151126, vstest.console.dll, TcpClientExtensions.MessageLoopAsync: NotifyDataAvailable remoteEndPoint: 127.0.0.1:50130 localEndPoint: 127.0.0.1:50129
TpTrace Verbose: 0 : 16848, 14, 2021/12/22, 16:20:47.487, 643383152345, vstest.console.dll, TestRequestSender.OnExecutionMessageReceived: Received message: {"Version":5,"MessageType":"TestSession.Message","Payload":{"MessageLevel":0,"Message":"   NUnit3TestExecutor discovered 8 of 8 NUnit test cases"}}
TpTrace Verbose: 0 : 16848, 14, 2021/12/22, 16:20:47.487, 643383153981, vstest.console.dll, TestRunRequest:SendTestRunMessage: Starting.
TpTrace Information: 0 : 16848, 14, 2021/12/22, 16:20:47.487, 643383154604, vstest.console.dll, TestRunRequest:SendTestRunMessage: Completed.
TpTrace Verbose: 0 : 16848, 14, 2021/12/22, 16:20:47.487, 643383154960, vstest.console.dll, TcpClientExtensions.MessageLoopAsync: Polling on remoteEndPoint: 127.0.0.1:50130 localEndPoint: 127.0.0.1:50129
TpTrace Verbose: 0 : 16848, 14, 2021/12/22, 16:20:47.796, 643386239943, vstest.console.dll, TcpClientExtensions.MessageLoopAsync: NotifyDataAvailable remoteEndPoint: 127.0.0.1:50130 localEndPoint: 127.0.0.1:50129
TpTrace Verbose: 0 : 16848, 14, 2021/12/22, 16:20:47.796, 643386241015, vstest.console.dll, TestRequestSender.OnExecutionMessageReceived: Received message: {"Version":5,"MessageType":"TestSession.Message","Payload":{"MessageLevel":0,"Message":"NUnit Adapter 3.17.0.0: Test execution complete"}}
TpTrace Verbose: 0 : 16848, 14, 2021/12/22, 16:20:47.796, 643386242498, vstest.console.dll, TestRunRequest:SendTestRunMessage: Starting.
TpTrace Information: 0 : 16848, 14, 2021/12/22, 16:20:47.796, 643386243071, vstest.console.dll, TestRunRequest:SendTestRunMessage: Completed.
TpTrace Verbose: 0 : 16848, 14, 2021/12/22, 16:20:47.796, 643386243414, vstest.console.dll, TcpClientExtensions.MessageLoopAsync: Polling on remoteEndPoint: 127.0.0.1:50130 localEndPoint: 127.0.0.1:50129
TpTrace Verbose: 0 : 16848, 14, 2021/12/22, 16:20:47.835, 643386630580, vstest.console.dll, TcpClientExtensions.MessageLoopAsync: NotifyDataAvailable remoteEndPoint: 127.0.0.1:50130 localEndPoint: 127.0.0.1:50129
TpTrace Verbose: 0 : 16848, 14, 2021/12/22, 16:20:47.835, 643386633470, vstest.console.dll, TestRequestSender.OnExecutionMessageReceived: Received message: {"Version":5,"MessageType":"TestExecution.Completed","Payload":{"TestRunCompleteArgs":{"TestRunStatistics":{"ExecutedTests":8,"Stats":{"Passed":8}},"IsCanceled":false,"IsAborted":false,"Error":null,"AttachmentSets":[],"ElapsedTimeInRunningTests":"00:00:00.5900747","Metrics":{}},"LastRunTests":{"NewTestResults":[{"TestCase":{"Id":"2d70f87b-256b-a90a-872b-1f71ab96618c","FullyQualifiedName":"CalculateNetWorthUnitTesting.Tests.TestForCalculatingNetWorthWhenObjectDoesNotHaveValuesinProvider","DisplayName":"TestForCalculatingNetWorthWhenObjectDoesNotHaveValuesinProvider","ExecutorUri":"executor://NUnit3TestExecutor","Source":"C:\\Users\\Abhijit\\Desktop\\API's\\CalculateNetWorthAPI\\CalculateNetWorthUnitTesting\\bin\\Debug\\net5.0\\fine-code-coverage\\build-output\\CalculateNetWorthUnitTesting.dll","CodeFilePath":null,"LineNumber":0,"Properties":[]},"Attachments":[],"Outcome":1,"ErrorMessage":null,"ErrorStackTrace":null,"DisplayName":"TestForCalculatingNetWorthWhenObjectDoesNotHaveValuesinProvider","Messages":[],"ComputerName":"DESKTOP-A6HRSOV","Duration":"00:00:00.1398629","StartTime":"2021-12-22T10:50:47.6085337+00:00","EndTime":"2021-12-22T10:50:47.7482936+00:00","Properties":[]},{"TestCase":{"Id":"4beb6c36-fdac-874f-9a37-00798f18cca1","FullyQualifiedName":"CalculateNetWorthUnitTesting.Tests.TestForCalculatingNetWorthWhenObjectHasValuesinProvider","DisplayName":"TestForCalculatingNetWorthWhenObjectHasValuesinProvider","ExecutorUri":"executor://NUnit3TestExecutor","Source":"C:\\Users\\Abhijit\\Desktop\\API's\\CalculateNetWorthAPI\\CalculateNetWorthUnitTesting\\bin\\Debug\\net5.0\\fine-code-coverage\\build-output\\CalculateNetWorthUnitTesting.dll","CodeFilePath":null,"LineNumber":0,"Properties":[]},"Attachments":[],"Outcome":1,"ErrorMessage":null,"ErrorStackTrace":null,"DisplayName":"TestForCalculatingNetWorthWhenObjectHasValuesinProvider","Messages":[],"ComputerName":"DESKTOP-A6HRSOV","Duration":"00:00:00.0135970","StartTime":"2021-12-22T10:50:47.7502163+00:00","EndTime":"2021-12-22T10:50:47.7638125+00:00","Properties":[]},{"TestCase":{"Id":"4043fee7-a226-437c-ec0c-3f48d5951931","FullyQualifiedName":"CalculateNetWorthUnitTesting.Tests.TestForCalculatingNetWorthWhenObjectHasValuesinRepository","DisplayName":"TestForCalculatingNetWorthWhenObjectHasValuesinRepository","ExecutorUri":"executor://NUnit3TestExecutor","Source":"C:\\Users\\Abhijit\\Desktop\\API's\\CalculateNetWorthAPI\\CalculateNetWorthUnitTesting\\bin\\Debug\\net5.0\\fine-code-coverage\\build-output\\CalculateNetWorthUnitTesting.dll","CodeFilePath":null,"LineNumber":0,"Properties":[]},"Attachments":[],"Outcome":1,"ErrorMessage":null,"ErrorStackTrace":null,"DisplayName":"TestForCalculatingNetWorthWhenObjectHasValuesinRepository","Messages":[],"ComputerName":"DESKTOP-A6HRSOV","Duration":"00:00:00.0027760","StartTime":"2021-12-22T10:50:47.7638461+00:00","EndTime":"2021-12-22T10:50:47.7666206+00:00","Properties":[]},{"TestCase":{"Id":"4bd51aa3-c60d-53da-25aa-b37c7d94a15c","FullyQualifiedName":"CalculateNetWorthUnitTesting.Tests.TestForCalculatingNetWorthWhenObjectisNullinRepository","DisplayName":"TestForCalculatingNetWorthWhenObjectisNullinRepository","ExecutorUri":"executor://NUnit3TestExecutor","Source":"C:\\Users\\Abhijit\\Desktop\\API's\\CalculateNetWorthAPI\\CalculateNetWorthUnitTesting\\bin\\Debug\\net5.0\\fine-code-coverage\\build-output\\CalculateNetWorthUnitTesting.dll","CodeFilePath":null,"LineNumber":0,"Properties":[]},"Attachments":[],"Outcome":1,"ErrorMessage":null,"ErrorStackTrace":null,"DisplayName":"TestForCalculatingNetWorthWhenObjectisNullinRepository","Messages":[],"ComputerName":"DESKTOP-A6HRSOV","Duration":"00:00:00.0013350","StartTime":"2021-12-22T10:50:47.76664+00:00","EndTime":"2021-12-22T10:50:47.7679738+00:00","Properties":[]},{"TestCase":{"Id":"1893e3cd-050b-cff8-75e2-f1e343ab8a8b","FullyQualifiedName":"CalculateNetWorthUnitTesting.Tests.TestForResponseWhenEitherObjectIsNullinRepository","DisplayName":"TestForResponseWhenEitherObjectIsNullinRepository","ExecutorUri":"executor://NUnit3TestExecutor","Source":"C:\\Users\\Abhijit\\Desktop\\API's\\CalculateNetWorthAPI\\CalculateNetWorthUnitTesting\\bin\\Debug\\net5.0\\fine-code-coverage\\build-output\\CalculateNetWorthUnitTesting.dll","CodeFilePath":null,"LineNumber":0,"Properties":[]},"Attachments":[],"Outcome":1,"ErrorMessage":null,"ErrorStackTrace":null,"DisplayName":"TestForResponseWhenEitherObjectIsNullinRepository","Messages":[],"ComputerName":"DESKTOP-A6HRSOV","Duration":"00:00:00.0039060","StartTime":"2021-12-22T10:50:47.7679893+00:00","EndTime":"2021-12-22T10:50:47.7718943+00:00","Properties":[]},{"TestCase":{"Id":"4d456a9d-462b-d84b-73d4-cc477483d393","FullyQualifiedName":"CalculateNetWorthUnitTesting.Tests.TestForResponseWhenObjectDoesNotHaveValuesinProvider","DisplayName":"TestForResponseWhenObjectDoesNotHaveValuesinProvider","ExecutorUri":"executor://NUnit3TestExecutor","Source":"C:\\Users\\Abhijit\\Desktop\\API's\\CalculateNetWorthAPI\\CalculateNetWorthUnitTesting\\bin\\Debug\\net5.0\\fine-code-coverage\\build-output\\CalculateNetWorthUnitTesting.dll","CodeFilePath":null,"LineNumber":0,"Properties":[]},"Attachments":[],"Outcome":1,"ErrorMessage":null,"ErrorStackTrace":null,"DisplayName":"TestForResponseWhenObjectDoesNotHaveValuesinProvider","Messages":[],"ComputerName":"DESKTOP-A6HRSOV","Duration":"00:00:00.0013760","StartTime":"2021-12-22T10:50:47.7719137+00:00","EndTime":"2021-12-22T10:50:47.7732885+00:00","Properties":[]},{"TestCase":{"Id":"40b9d728-f985-120a-f03c-4d6b8f95745a","FullyQualifiedName":"CalculateNetWorthUnitTesting.Tests.TestForResponseWhenObjectHaveValuesinProvider","DisplayName":"TestForResponseWhenObjectHaveValuesinProvider","ExecutorUri":"executor://NUnit3TestExecutor","Source":"C:\\Users\\Abhijit\\Desktop\\API's\\CalculateNetWorthAPI\\CalculateNetWorthUnitTesting\\bin\\Debug\\net5.0\\fine-code-coverage\\build-output\\CalculateNetWorthUnitTesting.dll","CodeFilePath":null,"LineNumber":0,"Properties":[]},"Attachments":[],"Outcome":1,"ErrorMessage":null,"ErrorStackTrace":null,"DisplayName":"TestForResponseWhenObjectHaveValuesinProvider","Messages":[],"ComputerName":"DESKTOP-A6HRSOV","Duration":"00:00:00.0019100","StartTime":"2021-12-22T10:50:47.7733065+00:00","EndTime":"2021-12-22T10:50:47.7752161+00:00","Properties":[]},{"TestCase":{"Id":"aceefa20-b593-15b0-9f2f-1e0d7b1e829e","FullyQualifiedName":"CalculateNetWorthUnitTesting.Tests.TestForResponseWhenObjectHaveValuesinRepository","DisplayName":"TestForResponseWhenObjectHaveValuesinRepository","ExecutorUri":"executor://NUnit3TestExecutor","Source":"C:\\Users\\Abhijit\\Desktop\\API's\\CalculateNetWorthAPI\\CalculateNetWorthUnitTesting\\bin\\Debug\\net5.0\\fine-code-coverage\\build-output\\CalculateNetWorthUnitTesting.dll","CodeFilePath":null,"LineNumber":0,"Properties":[]},"Attachments":[],"Outcome":1,"ErrorMessage":null,"ErrorStackTrace":null,"DisplayName":"TestForResponseWhenObjectHaveValuesinRepository","Messages":[],"ComputerName":"DESKTOP-A6HRSOV","Duration":"00:00:00.0007900","StartTime":"2021-12-22T10:50:47.7752325+00:00","EndTime":"2021-12-22T10:50:47.7760223+00:00","Properties":[]}],"TestRunStatistics":{"ExecutedTests":8,"Stats":{"Passed":8}},"ActiveTests":[]},"RunAttachments":[],"ExecutorUris":["executor://nunit3testexecutor/"]}}
TpTrace Verbose: 0 : 16848, 14, 2021/12/22, 16:20:47.837, 643386655119, vstest.console.dll, TestRequestSender.EndSession: Sending end session.
TpTrace Verbose: 0 : 16848, 14, 2021/12/22, 16:20:47.837, 643386656528, vstest.console.dll, ProxyOperationManager.Close: waiting for test host to exit for 100 ms
TpTrace Warning: 0 : 16848, 12, 2021/12/22, 16:20:47.917, 643387453338, vstest.console.dll, TestHostManagerCallbacks.ErrorReceivedCallback Test host standard error line: 
TpTrace Verbose: 0 : 16848, 7, 2021/12/22, 16:20:47.923, 643387518247, vstest.console.dll, TestHostProvider.ExitCallBack: Host exited starting callback.
TpTrace Information: 0 : 16848, 7, 2021/12/22, 16:20:47.924, 643387523424, vstest.console.dll, TestHostManagerCallbacks.ExitCallBack: Testhost processId: 7008 exited with exitcode: 0 error: ''
TpTrace Verbose: 0 : 16848, 7, 2021/12/22, 16:20:47.924, 643387524019, vstest.console.dll, DotnetTestHostManager.OnHostExited: invoking OnHostExited callback
TpTrace Verbose: 0 : 16848, 7, 2021/12/22, 16:20:47.924, 643387524500, vstest.console.dll, CrossPlatEngine.TestHostManagerHostExited: calling on client process exit callback.
TpTrace Information: 0 : 16848, 7, 2021/12/22, 16:20:47.924, 643387525045, vstest.console.dll, TestRequestSender.OnClientProcessExit: Test host process exited. Standard error: 
TpTrace Information: 0 : 16848, 7, 2021/12/22, 16:20:47.924, 643387525473, vstest.console.dll, SocketServer.Stop: Stop server endPoint: 127.0.0.1:50129
TpTrace Warning: 0 : 16848, 14, 2021/12/22, 16:20:47.924, 643387525534, vstest.console.dll, ProxyOperationManager: Timed out waiting for test host to exit. Will terminate process.
TpTrace Information: 0 : 16848, 7, 2021/12/22, 16:20:47.924, 643387525773, vstest.console.dll, SocketServer.Stop: Cancellation requested. Stopping message loop.
TpTrace Verbose: 0 : 16848, 14, 2021/12/22, 16:20:47.925, 643387532766, vstest.console.dll, ProxyDataCollectionManager.InvokeDataCollectionServiceAction: Starting.
TpTrace Information: 0 : 16848, 14, 2021/12/22, 16:20:47.925, 643387533345, vstest.console.dll, ProxyDataCollectionManager.AfterTestRunEnd: Get attachment set for datacollector processId: 23104 port: 50126
TpTrace Verbose: 0 : 16848, 14, 2021/12/22, 16:20:47.925, 643387533840, vstest.console.dll, DataCollectionRequestSender.SendAfterTestRunStartAndGetResult : Send AfterTestRunEnd message with isCancelled: False
TpTrace Verbose: 0 : 16848, 14, 2021/12/22, 16:20:47.929, 643387570624, vstest.console.dll, DataCollectionRequestSender.SendAfterTestRunStartAndGetResult : Received message: (DataCollection.AfterTestRunEndResult) -> {
  "AttachmentSets": [],
  "Metrics": {}
}
TpTrace Information: 0 : 16848, 14, 2021/12/22, 16:20:47.932, 643387600335, vstest.console.dll, ProxyDataCollectionManager.InvokeDataCollectionServiceAction: Completed.
TpTrace Warning: 0 : 16848, 9, 2021/12/22, 16:20:47.933, 643387616343, vstest.console.dll, DataCollectionLauncher.ErrorReceivedCallback datacollector standard error line: 
TpTrace Information: 0 : 16848, 7, 2021/12/22, 16:20:47.940, 643387687446, vstest.console.dll, DataCollectionLauncher.ExitCallBack: Data collector exited with exitcode: 0 error: ''
TpTrace Verbose: 0 : 16848, 14, 2021/12/22, 16:20:47.981, 643388089622, vstest.console.dll, TestRunRequest:SendTestRunStatsChange: Starting.
TpTrace Information: 0 : 16848, 14, 2021/12/22, 16:20:47.981, 643388091837, vstest.console.dll, TestRunRequest:SendTestRunStatsChange: Completed.
TpTrace Verbose: 0 : 16848, 14, 2021/12/22, 16:20:47.981, 643388094654, vstest.console.dll, ParallelProxyExecutionManager: HandlePartialRunComplete: Total completed clients = 1, Run complete = True, Run canceled: False.
TpTrace Verbose: 0 : 16848, 14, 2021/12/22, 16:20:48.002, 643388308663, vstest.console.dll, TestRunRequest:TestRunComplete: Starting. IsAborted:False IsCanceled:False.
TpTrace Verbose: 0 : 16848, 14, 2021/12/22, 16:20:48.003, 643388310295, vstest.console.dll, TestLoggerManager.HandleTestRunComplete: Ignoring as the object is disposed.
TpTrace Information: 0 : 16848, 14, 2021/12/22, 16:20:48.003, 643388312523, vstest.console.dll, TestRunRequest:TestRunComplete: Completed.
TpTrace Verbose: 0 : 16848, 14, 2021/12/22, 16:20:48.003, 643388312997, vstest.console.dll, TestRequestSender.SetOperationComplete: Setting operation complete.
TpTrace Verbose: 0 : 16848, 1, 2021/12/22, 16:20:48.003, 643388313155, vstest.console.dll, TestRunRequest.Dispose: Starting.
TpTrace Information: 0 : 16848, 1, 2021/12/22, 16:20:48.003, 643388313857, vstest.console.dll, TestRunRequest.Dispose: Completed.
TpTrace Information: 0 : 16848, 14, 2021/12/22, 16:20:48.003, 643388313338, vstest.console.dll, SocketServer.Stop: Stop server endPoint: 127.0.0.1:50129
TpTrace Information: 0 : 16848, 14, 2021/12/22, 16:20:48.003, 643388314672, vstest.console.dll, SocketServer.Stop: Cancellation requested. Stopping message loop.
TpTrace Information: 0 : 16848, 1, 2021/12/22, 16:20:48.003, 643388314257, vstest.console.dll, TestRequestManager.RunTests: run tests completed.
TpTrace Information: 0 : 16848, 14, 2021/12/22, 16:20:48.003, 643388315118, vstest.console.dll, SocketServer.PrivateStop: Stop server endPoint: 127.0.0.1:50129 error: 
TpTrace Information: 0 : 16848, 1, 2021/12/22, 16:20:48.003, 643388315972, vstest.console.dll, RunTestsArgumentProcessor:Execute: Test run is completed.
TpTrace Verbose: 0 : 16848, 1, 2021/12/22, 16:20:48.003, 643388318520, vstest.console.dll, Executor.Execute: Exiting with exit code of 0
TpTrace Verbose: 0 : 16848, 14, 2021/12/22, 16:20:48.004, 643388321484, vstest.console.dll, LengthPrefixCommunicationChannel.Dispose: Dispose reader and writer.
TpTrace Information: 0 : 16848, 14, 2021/12/22, 16:20:48.004, 643388322528, vstest.console.dll, SocketServer.Stop: Raise disconnected event endPoint: 127.0.0.1:50129 error: 
TpTrace Verbose: 0 : 16848, 14, 2021/12/22, 16:20:48.004, 643388323217, vstest.console.dll, TestRequestSender: OnTestRunAbort: Operation is already complete. Skip error message.
TpTrace Verbose: 0 : 16848, 14, 2021/12/22, 16:20:48.004, 643388323533, vstest.console.dll, TcpClientExtensions.MessageLoopAsync: exiting MessageLoopAsync remoteEndPoint: 127.0.0.1:50130 localEndPoint: 127.0.0.1:50129
