TpTrace Verbose: 0 : 24608, 1, 2021/12/17, 19:30:02.814, 2089911029286, vstest.console.dll, Version: 16.11.0
TpTrace Information: 0 : 24608, 1, 2021/12/17, 19:30:02.829, 2089911161307, vstest.console.dll, FilePatternParser: The given file E:\###FSE_stage3\MFPE\testDemo\StockApiTesting\bin\Debug\net5.0\fine-code-coverage\build-output\StockApiTesting.dll is a full path.
TpTrace Verbose: 0 : 24608, 1, 2021/12/17, 19:30:02.846, 2089911330649, vstest.console.dll, TestPluginCache.DiscoverTestExtensions: finding test extensions in assemblies ends with: RuntimeProvider.dll TPluginInfo: Microsoft.VisualStudio.TestPlatform.Common.ExtensionFramework.Utilities.TestRuntimePluginInformation TExtension: Microsoft.VisualStudio.TestPlatform.ObjectModel.Host.ITestRuntimeProvider
TpTrace Verbose: 0 : 24608, 1, 2021/12/17, 19:30:02.847, 2089911338400, vstest.console.dll, TestPluginCache.GetExtensionPaths: Filtered extension paths: 
TpTrace Verbose: 0 : 24608, 1, 2021/12/17, 19:30:02.847, 2089911339951, vstest.console.dll, TestPluginCache.GetExtensionPaths: Added default extension paths: C:\Program Files\dotnet\sdk\5.0.403\Extensions\Microsoft.Diagnostics.NETCore.Client.dll
C:\Program Files\dotnet\sdk\5.0.403\Extensions\Microsoft.TestPlatform.Extensions.BlameDataCollector.dll
C:\Program Files\dotnet\sdk\5.0.403\Extensions\Microsoft.TestPlatform.Extensions.EventLogCollector.dll
C:\Program Files\dotnet\sdk\5.0.403\Extensions\Microsoft.TestPlatform.TestHostRuntimeProvider.dll
C:\Program Files\dotnet\sdk\5.0.403\Extensions\Microsoft.VisualStudio.TestPlatform.Extensions.Html.TestLogger.dll
C:\Program Files\dotnet\sdk\5.0.403\Extensions\Microsoft.VisualStudio.TestPlatform.Extensions.Trx.TestLogger.dll
TpTrace Verbose: 0 : 24608, 1, 2021/12/17, 19:30:02.847, 2089911340529, vstest.console.dll, TestPluginCache.GetExtensionPaths: Added unfilterableExtensionPaths: 
TpTrace Information: 0 : 24608, 1, 2021/12/17, 19:30:02.848, 2089911350713, vstest.console.dll, AssemblyResolver.ctor: Creating AssemblyResolver with searchDirectories C:\Program Files\dotnet\sdk\5.0.403\Extensions,C:\Program Files\dotnet\sdk\5.0.403
TpTrace Verbose: 0 : 24608, 1, 2021/12/17, 19:30:02.850, 2089911364450, vstest.console.dll, TestPluginCache.DiscoverTestExtensions: Discovering the extensions using extension path.
TpTrace Verbose: 0 : 24608, 1, 2021/12/17, 19:30:02.850, 2089911367018, vstest.console.dll, TestPluginCache.GetExtensionPaths: Filtered extension paths: 
TpTrace Verbose: 0 : 24608, 1, 2021/12/17, 19:30:02.850, 2089911368116, vstest.console.dll, TestPluginCache.GetExtensionPaths: Added default extension paths: C:\Program Files\dotnet\sdk\5.0.403\Extensions\Microsoft.Diagnostics.NETCore.Client.dll
C:\Program Files\dotnet\sdk\5.0.403\Extensions\Microsoft.TestPlatform.Extensions.BlameDataCollector.dll
C:\Program Files\dotnet\sdk\5.0.403\Extensions\Microsoft.TestPlatform.Extensions.EventLogCollector.dll
C:\Program Files\dotnet\sdk\5.0.403\Extensions\Microsoft.TestPlatform.TestHostRuntimeProvider.dll
C:\Program Files\dotnet\sdk\5.0.403\Extensions\Microsoft.VisualStudio.TestPlatform.Extensions.Html.TestLogger.dll
C:\Program Files\dotnet\sdk\5.0.403\Extensions\Microsoft.VisualStudio.TestPlatform.Extensions.Trx.TestLogger.dll
TpTrace Verbose: 0 : 24608, 1, 2021/12/17, 19:30:02.850, 2089911369809, vstest.console.dll, TestPluginCache.GetExtensionPaths: Added unfilterableExtensionPaths: 
TpTrace Verbose: 0 : 24608, 1, 2021/12/17, 19:30:02.850, 2089911371229, vstest.console.dll, TestPluginCache.DiscoverTestExtensions: Discovering the extensions using allExtensionPaths: C:\Program Files\dotnet\sdk\5.0.403\Extensions\Microsoft.Diagnostics.NETCore.Client.dll
C:\Program Files\dotnet\sdk\5.0.403\Extensions\Microsoft.TestPlatform.Extensions.BlameDataCollector.dll
C:\Program Files\dotnet\sdk\5.0.403\Extensions\Microsoft.TestPlatform.Extensions.EventLogCollector.dll
C:\Program Files\dotnet\sdk\5.0.403\Extensions\Microsoft.TestPlatform.TestHostRuntimeProvider.dll
C:\Program Files\dotnet\sdk\5.0.403\Extensions\Microsoft.VisualStudio.TestPlatform.Extensions.Html.TestLogger.dll
C:\Program Files\dotnet\sdk\5.0.403\Extensions\Microsoft.VisualStudio.TestPlatform.Extensions.Trx.TestLogger.dll
TpTrace Information: 0 : 24608, 1, 2021/12/17, 19:30:02.851, 2089911373942, vstest.console.dll, AssemblyResolver.AddSearchDirectories: Adding more searchDirectories C:\Program Files\dotnet\sdk\5.0.403\Extensions,C:\Program Files\dotnet\sdk\5.0.403
TpTrace Information: 0 : 24608, 1, 2021/12/17, 19:30:02.851, 2089911375239, vstest.console.dll, AssemblyResolver.AddSearchDirectories: Adding more searchDirectories C:\Program Files\dotnet\sdk\5.0.403\Extensions,C:\Program Files\dotnet\sdk\5.0.403
TpTrace Information: 0 : 24608, 1, 2021/12/17, 19:30:02.851, 2089911375948, vstest.console.dll, AssemblyResolver.AddSearchDirectories: Adding more searchDirectories C:\Program Files\dotnet\sdk\5.0.403\Extensions,C:\Program Files\dotnet\sdk\5.0.403
TpTrace Information: 0 : 24608, 1, 2021/12/17, 19:30:02.851, 2089911376529, vstest.console.dll, AssemblyResolver.AddSearchDirectories: Adding more searchDirectories C:\Program Files\dotnet\sdk\5.0.403\Extensions,C:\Program Files\dotnet\sdk\5.0.403
TpTrace Information: 0 : 24608, 1, 2021/12/17, 19:30:02.851, 2089911377040, vstest.console.dll, AssemblyResolver.AddSearchDirectories: Adding more searchDirectories C:\Program Files\dotnet\sdk\5.0.403\Extensions,C:\Program Files\dotnet\sdk\5.0.403
TpTrace Information: 0 : 24608, 1, 2021/12/17, 19:30:02.851, 2089911377635, vstest.console.dll, AssemblyResolver.AddSearchDirectories: Adding more searchDirectories C:\Program Files\dotnet\sdk\5.0.403\Extensions,C:\Program Files\dotnet\sdk\5.0.403
TpTrace Information: 0 : 24608, 1, 2021/12/17, 19:30:02.852, 2089911382423, vstest.console.dll, AssemblyResolver.OnResolve: Microsoft.Diagnostics.NETCore.Client: Resolving assembly.
TpTrace Information: 0 : 24608, 1, 2021/12/17, 19:30:02.852, 2089911383268, vstest.console.dll, AssemblyResolver.OnResolve: Microsoft.Diagnostics.NETCore.Client: Searching in: 'C:\Program Files\dotnet\sdk\5.0.403\Extensions'.
TpTrace Information: 0 : 24608, 1, 2021/12/17, 19:30:02.853, 2089911401335, vstest.console.dll, AssemblyResolver.OnResolve: Microsoft.Diagnostics.NETCore.Client: Loading assembly 'C:\Program Files\dotnet\sdk\5.0.403\Extensions\Microsoft.Diagnostics.NETCore.Client.dll'.
TpTrace Information: 0 : 24608, 1, 2021/12/17, 19:30:02.855, 2089911421015, vstest.console.dll, AssemblyResolver.OnResolve: Resolved assembly: Microsoft.Diagnostics.NETCore.Client, from path: C:\Program Files\dotnet\sdk\5.0.403\Extensions\Microsoft.Diagnostics.NETCore.Client.dll
TpTrace Information: 0 : 24608, 1, 2021/12/17, 19:30:02.860, 2089911462721, vstest.console.dll, AssemblyResolver.OnResolve: Microsoft.Bcl.AsyncInterfaces: Resolving assembly.
TpTrace Information: 0 : 24608, 1, 2021/12/17, 19:30:02.860, 2089911463910, vstest.console.dll, AssemblyResolver.OnResolve: Microsoft.Bcl.AsyncInterfaces: Searching in: 'C:\Program Files\dotnet\sdk\5.0.403\Extensions'.
TpTrace Information: 0 : 24608, 1, 2021/12/17, 19:30:02.860, 2089911465142, vstest.console.dll, AssemblyResolver.OnResolve: Microsoft.Bcl.AsyncInterfaces: Assembly path does not exist: 'C:\Program Files\dotnet\sdk\5.0.403\Extensions\Microsoft.Bcl.AsyncInterfaces.dll', returning.
TpTrace Information: 0 : 24608, 1, 2021/12/17, 19:30:02.860, 2089911466086, vstest.console.dll, AssemblyResolver.OnResolve: Microsoft.Bcl.AsyncInterfaces: Assembly path does not exist: 'C:\Program Files\dotnet\sdk\5.0.403\Extensions\Microsoft.Bcl.AsyncInterfaces.exe', returning.
TpTrace Information: 0 : 24608, 1, 2021/12/17, 19:30:02.860, 2089911466576, vstest.console.dll, AssemblyResolver.OnResolve: Microsoft.Bcl.AsyncInterfaces: Searching in: 'C:\Program Files\dotnet\sdk\5.0.403'.
TpTrace Information: 0 : 24608, 1, 2021/12/17, 19:30:02.860, 2089911467579, vstest.console.dll, AssemblyResolver.OnResolve: Microsoft.Bcl.AsyncInterfaces: Assembly path does not exist: 'C:\Program Files\dotnet\sdk\5.0.403\Microsoft.Bcl.AsyncInterfaces.dll', returning.
TpTrace Information: 0 : 24608, 1, 2021/12/17, 19:30:02.860, 2089911468489, vstest.console.dll, AssemblyResolver.OnResolve: Microsoft.Bcl.AsyncInterfaces: Assembly path does not exist: 'C:\Program Files\dotnet\sdk\5.0.403\Microsoft.Bcl.AsyncInterfaces.exe', returning.
TpTrace Information: 0 : 24608, 1, 2021/12/17, 19:30:02.860, 2089911469706, vstest.console.dll, AssemblyResolver.OnResolve: Microsoft.Bcl.AsyncInterfaces: Failed to load assembly.
TpTrace Verbose: 0 : 24608, 1, 2021/12/17, 19:30:02.860, 2089911470363, vstest.console.dll, CurrentDomainAssemblyResolve: Resolving assembly 'Microsoft.Bcl.AsyncInterfaces'.
TpTrace Information: 0 : 24608, 1, 2021/12/17, 19:30:02.860, 2089911471322, vstest.console.dll, AssemblyResolver.OnResolve: Microsoft.Bcl.AsyncInterfaces: Resolving assembly.
TpTrace Information: 0 : 24608, 1, 2021/12/17, 19:30:02.860, 2089911471874, vstest.console.dll, AssemblyResolver.OnResolve: Microsoft.Bcl.AsyncInterfaces: Resolved from cache.
TpTrace Verbose: 0 : 24608, 1, 2021/12/17, 19:30:02.861, 2089911472321, vstest.console.dll, CurrentDomainAssemblyResolve: Resolving assembly 'Microsoft.Bcl.AsyncInterfaces'.
TpTrace Verbose: 0 : 24608, 1, 2021/12/17, 19:30:02.861, 2089911472842, vstest.console.dll, CurrentDomainAssemblyResolve: Failed to resolve assembly 'Microsoft.Bcl.AsyncInterfaces'.
TpTrace Verbose: 0 : 24608, 1, 2021/12/17, 19:30:02.866, 2089911529447, vstest.console.dll, CurrentDomainAssemblyResolve: Failed to resolve assembly 'Microsoft.Bcl.AsyncInterfaces'.
TpTrace Warning: 0 : 24608, 1, 2021/12/17, 19:30:02.959, 2089912458266, vstest.console.dll, TestPluginDiscoverer: Failed to get types from assembly 'Microsoft.Diagnostics.NETCore.Client, Version=0.2.2.41902, Culture=neutral, PublicKeyToken=31bf3856ad364e35'.  Skipping test extension scan for this assembly.  Error: System.Reflection.ReflectionTypeLoadException: Unable to load one or more of the requested types.
Could not load file or assembly 'Microsoft.Bcl.AsyncInterfaces, Version=1.0.0.0, Culture=neutral, PublicKeyToken=cc7b13ffcd2ddd51'. The system cannot find the file specified.
   at System.Reflection.RuntimeModule.GetTypes(RuntimeModule module)
   at System.Reflection.RuntimeModule.GetTypes()
   at System.Reflection.Assembly.GetTypes()
   at Microsoft.VisualStudio.TestPlatform.Common.ExtensionFramework.TestPluginDiscoverer.GetTestExtensionsFromAssembly[TPluginInfo,TExtension](Assembly assembly, Dictionary`2 pluginInfos)
System.IO.FileNotFoundException: Could not load file or assembly 'Microsoft.Bcl.AsyncInterfaces, Version=1.0.0.0, Culture=neutral, PublicKeyToken=cc7b13ffcd2ddd51'. The system cannot find the file specified.
File name: 'Microsoft.Bcl.AsyncInterfaces, Version=1.0.0.0, Culture=neutral, PublicKeyToken=cc7b13ffcd2ddd51'
TpTrace Warning: 0 : 24608, 1, 2021/12/17, 19:30:02.959, 2089912459553, vstest.console.dll, LoaderExceptions: System.IO.FileNotFoundException: Could not load file or assembly 'Microsoft.Bcl.AsyncInterfaces, Version=1.0.0.0, Culture=neutral, PublicKeyToken=cc7b13ffcd2ddd51'. The system cannot find the file specified.
File name: 'Microsoft.Bcl.AsyncInterfaces, Version=1.0.0.0, Culture=neutral, PublicKeyToken=cc7b13ffcd2ddd51'
TpTrace Information: 0 : 24608, 1, 2021/12/17, 19:30:02.959, 2089912460695, vstest.console.dll, AssemblyResolver.OnResolve: Microsoft.TestPlatform.Extensions.BlameDataCollector: Resolving assembly.
TpTrace Information: 0 : 24608, 1, 2021/12/17, 19:30:02.959, 2089912461105, vstest.console.dll, AssemblyResolver.OnResolve: Microsoft.TestPlatform.Extensions.BlameDataCollector: Searching in: 'C:\Program Files\dotnet\sdk\5.0.403\Extensions'.
TpTrace Information: 0 : 24608, 1, 2021/12/17, 19:30:02.965, 2089912517974, vstest.console.dll, AssemblyResolver.OnResolve: Microsoft.TestPlatform.Extensions.BlameDataCollector: Loading assembly 'C:\Program Files\dotnet\sdk\5.0.403\Extensions\Microsoft.TestPlatform.Extensions.BlameDataCollector.dll'.
TpTrace Information: 0 : 24608, 1, 2021/12/17, 19:30:02.967, 2089912537573, vstest.console.dll, AssemblyResolver.OnResolve: Resolved assembly: Microsoft.TestPlatform.Extensions.BlameDataCollector, from path: C:\Program Files\dotnet\sdk\5.0.403\Extensions\Microsoft.TestPlatform.Extensions.BlameDataCollector.dll
TpTrace Information: 0 : 24608, 1, 2021/12/17, 19:30:02.973, 2089912601687, vstest.console.dll, AssemblyResolver.OnResolve: Microsoft.TestPlatform.Extensions.EventLogCollector: Resolving assembly.
TpTrace Information: 0 : 24608, 1, 2021/12/17, 19:30:02.974, 2089912603019, vstest.console.dll, AssemblyResolver.OnResolve: Microsoft.TestPlatform.Extensions.EventLogCollector: Searching in: 'C:\Program Files\dotnet\sdk\5.0.403\Extensions'.
TpTrace Information: 0 : 24608, 1, 2021/12/17, 19:30:02.975, 2089912615900, vstest.console.dll, AssemblyResolver.OnResolve: Microsoft.TestPlatform.Extensions.EventLogCollector: Loading assembly 'C:\Program Files\dotnet\sdk\5.0.403\Extensions\Microsoft.TestPlatform.Extensions.EventLogCollector.dll'.
TpTrace Information: 0 : 24608, 1, 2021/12/17, 19:30:02.976, 2089912624630, vstest.console.dll, AssemblyResolver.OnResolve: Resolved assembly: Microsoft.TestPlatform.Extensions.EventLogCollector, from path: C:\Program Files\dotnet\sdk\5.0.403\Extensions\Microsoft.TestPlatform.Extensions.EventLogCollector.dll
TpTrace Information: 0 : 24608, 1, 2021/12/17, 19:30:02.981, 2089912676363, vstest.console.dll, AssemblyResolver.OnResolve: Microsoft.TestPlatform.TestHostRuntimeProvider: Resolving assembly.
TpTrace Information: 0 : 24608, 1, 2021/12/17, 19:30:02.981, 2089912677768, vstest.console.dll, AssemblyResolver.OnResolve: Microsoft.TestPlatform.TestHostRuntimeProvider: Searching in: 'C:\Program Files\dotnet\sdk\5.0.403\Extensions'.
TpTrace Information: 0 : 24608, 1, 2021/12/17, 19:30:02.982, 2089912691121, vstest.console.dll, AssemblyResolver.OnResolve: Microsoft.TestPlatform.TestHostRuntimeProvider: Loading assembly 'C:\Program Files\dotnet\sdk\5.0.403\Extensions\Microsoft.TestPlatform.TestHostRuntimeProvider.dll'.
TpTrace Information: 0 : 24608, 1, 2021/12/17, 19:30:02.984, 2089912702950, vstest.console.dll, AssemblyResolver.OnResolve: Resolved assembly: Microsoft.TestPlatform.TestHostRuntimeProvider, from path: C:\Program Files\dotnet\sdk\5.0.403\Extensions\Microsoft.TestPlatform.TestHostRuntimeProvider.dll
TpTrace Information: 0 : 24608, 1, 2021/12/17, 19:30:02.985, 2089912715314, vstest.console.dll, AssemblyResolver.OnResolve: Microsoft.VisualStudio.TestPlatform.Extensions.Html.TestLogger: Resolving assembly.
TpTrace Information: 0 : 24608, 1, 2021/12/17, 19:30:02.985, 2089912716125, vstest.console.dll, AssemblyResolver.OnResolve: Microsoft.VisualStudio.TestPlatform.Extensions.Html.TestLogger: Searching in: 'C:\Program Files\dotnet\sdk\5.0.403\Extensions'.
TpTrace Information: 0 : 24608, 1, 2021/12/17, 19:30:02.986, 2089912728487, vstest.console.dll, AssemblyResolver.OnResolve: Microsoft.VisualStudio.TestPlatform.Extensions.Html.TestLogger: Loading assembly 'C:\Program Files\dotnet\sdk\5.0.403\Extensions\Microsoft.VisualStudio.TestPlatform.Extensions.Html.TestLogger.dll'.
TpTrace Information: 0 : 24608, 1, 2021/12/17, 19:30:02.987, 2089912736723, vstest.console.dll, AssemblyResolver.OnResolve: Resolved assembly: Microsoft.VisualStudio.TestPlatform.Extensions.Html.TestLogger, from path: C:\Program Files\dotnet\sdk\5.0.403\Extensions\Microsoft.VisualStudio.TestPlatform.Extensions.Html.TestLogger.dll
TpTrace Information: 0 : 24608, 1, 2021/12/17, 19:30:02.987, 2089912740865, vstest.console.dll, AssemblyResolver.OnResolve: Microsoft.VisualStudio.TestPlatform.Extensions.Trx.TestLogger: Resolving assembly.
TpTrace Information: 0 : 24608, 1, 2021/12/17, 19:30:02.987, 2089912741434, vstest.console.dll, AssemblyResolver.OnResolve: Microsoft.VisualStudio.TestPlatform.Extensions.Trx.TestLogger: Searching in: 'C:\Program Files\dotnet\sdk\5.0.403\Extensions'.
TpTrace Information: 0 : 24608, 1, 2021/12/17, 19:30:02.989, 2089912761545, vstest.console.dll, AssemblyResolver.OnResolve: Microsoft.VisualStudio.TestPlatform.Extensions.Trx.TestLogger: Loading assembly 'C:\Program Files\dotnet\sdk\5.0.403\Extensions\Microsoft.VisualStudio.TestPlatform.Extensions.Trx.TestLogger.dll'.
TpTrace Information: 0 : 24608, 1, 2021/12/17, 19:30:02.992, 2089912784048, vstest.console.dll, AssemblyResolver.OnResolve: Resolved assembly: Microsoft.VisualStudio.TestPlatform.Extensions.Trx.TestLogger, from path: C:\Program Files\dotnet\sdk\5.0.403\Extensions\Microsoft.VisualStudio.TestPlatform.Extensions.Trx.TestLogger.dll
TpTrace Verbose: 0 : 24608, 1, 2021/12/17, 19:30:02.992, 2089912790681, vstest.console.dll, TestPluginCache: Discovered the extensions using extension path ''.
TpTrace Verbose: 0 : 24608, 1, 2021/12/17, 19:30:02.992, 2089912791329, vstest.console.dll, TestPluginCache: Discoverers are ''.
TpTrace Verbose: 0 : 24608, 1, 2021/12/17, 19:30:02.992, 2089912791633, vstest.console.dll, TestPluginCache: Executors are ''.
TpTrace Verbose: 0 : 24608, 1, 2021/12/17, 19:30:02.992, 2089912791951, vstest.console.dll, TestPluginCache: Executors2 are ''.
TpTrace Verbose: 0 : 24608, 1, 2021/12/17, 19:30:02.993, 2089912792200, vstest.console.dll, TestPluginCache: Setting providers are ''.
TpTrace Verbose: 0 : 24608, 1, 2021/12/17, 19:30:02.993, 2089912792446, vstest.console.dll, TestPluginCache: Loggers are ''.
TpTrace Information: 0 : 24608, 1, 2021/12/17, 19:30:02.998, 2089912850532, vstest.console.dll, RunTestsArgumentProcessor:Execute: Test run is starting.
TpTrace Verbose: 0 : 24608, 1, 2021/12/17, 19:30:02.998, 2089912851484, vstest.console.dll, RunTestsArgumentProcessor:Execute: Queuing Test run.
TpTrace Information: 0 : 24608, 1, 2021/12/17, 19:30:02.999, 2089912853961, vstest.console.dll, TestRequestManager.RunTests: run tests started.
TpTrace Information: 0 : 24608, 1, 2021/12/17, 19:30:03.004, 2089912908373, vstest.console.dll, AssemblyMetadataProvider.GetFrameWork: Determined framework:'.NETCoreApp,Version=v5.0' for source: 'E:\###FSE_stage3\MFPE\testDemo\StockApiTesting\bin\Debug\net5.0\fine-code-coverage\build-output\StockApiTesting.dll'
TpTrace Information: 0 : 24608, 1, 2021/12/17, 19:30:03.004, 2089912911550, vstest.console.dll, Determined framework for all sources: .NETCoreApp,Version=v5.0
TpTrace Information: 0 : 24608, 1, 2021/12/17, 19:30:03.005, 2089912915761, vstest.console.dll, AssemblyMetadataProvider.GetArchitecture: Determined architecture:AnyCPU info for assembly: E:\###FSE_stage3\MFPE\testDemo\StockApiTesting\bin\Debug\net5.0\fine-code-coverage\build-output\StockApiTesting.dll
TpTrace Information: 0 : 24608, 1, 2021/12/17, 19:30:03.007, 2089912938311, vstest.console.dll, Determined platform for all sources: X64
TpTrace Information: 0 : 24608, 1, 2021/12/17, 19:30:03.010, 2089912964816, vstest.console.dll, Compatible sources list : 
TpTrace Information: 0 : 24608, 1, 2021/12/17, 19:30:03.010, 2089912965880, vstest.console.dll, E:\###FSE_stage3\MFPE\testDemo\StockApiTesting\bin\Debug\net5.0\fine-code-coverage\build-output\StockApiTesting.dll
TpTrace Information: 0 : 24608, 1, 2021/12/17, 19:30:03.015, 2089913017812, vstest.console.dll, InferRunSettingsHelper.IsTestSettingsEnabled: Unable to navigate to RunSettings/MSTest. Current node: RunSettings
TpTrace Information: 0 : 24608, 1, 2021/12/17, 19:30:03.016, 2089913026041, vstest.console.dll, AssemblyResolver.OnResolve: Microsoft.VisualStudio.TestPlatform.Fakes: Resolving assembly.
TpTrace Information: 0 : 24608, 1, 2021/12/17, 19:30:03.016, 2089913026815, vstest.console.dll, AssemblyResolver.OnResolve: Microsoft.VisualStudio.TestPlatform.Fakes: Searching in: 'C:\Program Files\dotnet\sdk\5.0.403\Extensions'.
TpTrace Information: 0 : 24608, 1, 2021/12/17, 19:30:03.016, 2089913028129, vstest.console.dll, AssemblyResolver.OnResolve: Microsoft.VisualStudio.TestPlatform.Fakes: Assembly path does not exist: 'C:\Program Files\dotnet\sdk\5.0.403\Extensions\Microsoft.VisualStudio.TestPlatform.Fakes.dll', returning.
TpTrace Information: 0 : 24608, 1, 2021/12/17, 19:30:03.016, 2089913029061, vstest.console.dll, AssemblyResolver.OnResolve: Microsoft.VisualStudio.TestPlatform.Fakes: Assembly path does not exist: 'C:\Program Files\dotnet\sdk\5.0.403\Extensions\Microsoft.VisualStudio.TestPlatform.Fakes.exe', returning.
TpTrace Information: 0 : 24608, 1, 2021/12/17, 19:30:03.016, 2089913029413, vstest.console.dll, AssemblyResolver.OnResolve: Microsoft.VisualStudio.TestPlatform.Fakes: Searching in: 'C:\Program Files\dotnet\sdk\5.0.403'.
TpTrace Information: 0 : 24608, 1, 2021/12/17, 19:30:03.016, 2089913030135, vstest.console.dll, AssemblyResolver.OnResolve: Microsoft.VisualStudio.TestPlatform.Fakes: Assembly path does not exist: 'C:\Program Files\dotnet\sdk\5.0.403\Microsoft.VisualStudio.TestPlatform.Fakes.dll', returning.
TpTrace Information: 0 : 24608, 1, 2021/12/17, 19:30:03.016, 2089913030878, vstest.console.dll, AssemblyResolver.OnResolve: Microsoft.VisualStudio.TestPlatform.Fakes: Assembly path does not exist: 'C:\Program Files\dotnet\sdk\5.0.403\Microsoft.VisualStudio.TestPlatform.Fakes.exe', returning.
TpTrace Information: 0 : 24608, 1, 2021/12/17, 19:30:03.016, 2089913031200, vstest.console.dll, AssemblyResolver.OnResolve: Microsoft.VisualStudio.TestPlatform.Fakes: Failed to load assembly.
TpTrace Information: 0 : 24608, 1, 2021/12/17, 19:30:03.018, 2089913049029, vstest.console.dll, Failed to create newly implemented Fakes Configurator. Reason:System.IO.FileNotFoundException: Could not load file or assembly 'Microsoft.VisualStudio.TestPlatform.Fakes, Version=16.0.0.0, Culture=neutral, PublicKeyToken=null'. The system cannot find the file specified.
File name: 'Microsoft.VisualStudio.TestPlatform.Fakes, Version=16.0.0.0, Culture=neutral, PublicKeyToken=null'
   at System.Reflection.RuntimeAssembly.InternalLoad(ObjectHandleOnStack assemblyName, ObjectHandleOnStack requestingAssembly, StackCrawlMarkHandle stackMark, Boolean throwOnFileNotFound, ObjectHandleOnStack assemblyLoadContext, ObjectHandleOnStack retAssembly)
   at System.Reflection.RuntimeAssembly.InternalLoad(AssemblyName assemblyName, RuntimeAssembly requestingAssembly, StackCrawlMark& stackMark, Boolean throwOnFileNotFound, AssemblyLoadContext assemblyLoadContext)
   at System.Reflection.Assembly.Load(AssemblyName assemblyRef)
   at Microsoft.VisualStudio.TestPlatform.Common.Utilities.FakesUtilities.TryGetFakesCrossPlatformDataCollectorConfigurator() 
TpTrace Verbose: 0 : 24608, 1, 2021/12/17, 19:30:03.023, 2089913101308, vstest.console.dll, TestPluginCache.DiscoverTestExtensions: finding test extensions in assemblies ends with: TestLogger.dll TPluginInfo: Microsoft.VisualStudio.TestPlatform.Common.ExtensionFramework.Utilities.TestLoggerPluginInformation TExtension: Microsoft.VisualStudio.TestPlatform.ObjectModel.Client.ITestLogger
TpTrace Verbose: 0 : 24608, 1, 2021/12/17, 19:30:03.024, 2089913102314, vstest.console.dll, TestPluginCache.GetExtensionPaths: Filtered extension paths: 
TpTrace Verbose: 0 : 24608, 1, 2021/12/17, 19:30:03.024, 2089913102685, vstest.console.dll, TestPluginCache.GetExtensionPaths: Added default extension paths: C:\Program Files\dotnet\sdk\5.0.403\Extensions\Microsoft.Diagnostics.NETCore.Client.dll
C:\Program Files\dotnet\sdk\5.0.403\Extensions\Microsoft.TestPlatform.Extensions.BlameDataCollector.dll
C:\Program Files\dotnet\sdk\5.0.403\Extensions\Microsoft.TestPlatform.Extensions.EventLogCollector.dll
C:\Program Files\dotnet\sdk\5.0.403\Extensions\Microsoft.TestPlatform.TestHostRuntimeProvider.dll
C:\Program Files\dotnet\sdk\5.0.403\Extensions\Microsoft.VisualStudio.TestPlatform.Extensions.Html.TestLogger.dll
C:\Program Files\dotnet\sdk\5.0.403\Extensions\Microsoft.VisualStudio.TestPlatform.Extensions.Trx.TestLogger.dll
TpTrace Verbose: 0 : 24608, 1, 2021/12/17, 19:30:03.024, 2089913103110, vstest.console.dll, TestPluginCache.GetExtensionPaths: Added unfilterableExtensionPaths: 
TpTrace Information: 0 : 24608, 1, 2021/12/17, 19:30:03.024, 2089913105678, vstest.console.dll, AssemblyResolver.AddSearchDirectories: Adding more searchDirectories C:\Program Files\dotnet\sdk\5.0.403\Extensions,C:\Program Files\dotnet\sdk\5.0.403
TpTrace Verbose: 0 : 24608, 1, 2021/12/17, 19:30:03.024, 2089913106158, vstest.console.dll, TestPluginCache.DiscoverTestExtensions: Discovering the extensions using extension path.
TpTrace Verbose: 0 : 24608, 1, 2021/12/17, 19:30:03.024, 2089913106466, vstest.console.dll, TestPluginCache.GetExtensionPaths: Filtered extension paths: 
TpTrace Verbose: 0 : 24608, 1, 2021/12/17, 19:30:03.024, 2089913106854, vstest.console.dll, TestPluginCache.GetExtensionPaths: Added default extension paths: C:\Program Files\dotnet\sdk\5.0.403\Extensions\Microsoft.Diagnostics.NETCore.Client.dll
C:\Program Files\dotnet\sdk\5.0.403\Extensions\Microsoft.TestPlatform.Extensions.BlameDataCollector.dll
C:\Program Files\dotnet\sdk\5.0.403\Extensions\Microsoft.TestPlatform.Extensions.EventLogCollector.dll
C:\Program Files\dotnet\sdk\5.0.403\Extensions\Microsoft.TestPlatform.TestHostRuntimeProvider.dll
C:\Program Files\dotnet\sdk\5.0.403\Extensions\Microsoft.VisualStudio.TestPlatform.Extensions.Html.TestLogger.dll
C:\Program Files\dotnet\sdk\5.0.403\Extensions\Microsoft.VisualStudio.TestPlatform.Extensions.Trx.TestLogger.dll
TpTrace Verbose: 0 : 24608, 1, 2021/12/17, 19:30:03.024, 2089913107195, vstest.console.dll, TestPluginCache.GetExtensionPaths: Added unfilterableExtensionPaths: 
TpTrace Verbose: 0 : 24608, 1, 2021/12/17, 19:30:03.024, 2089913107555, vstest.console.dll, TestPluginCache.DiscoverTestExtensions: Discovering the extensions using allExtensionPaths: C:\Program Files\dotnet\sdk\5.0.403\Extensions\Microsoft.Diagnostics.NETCore.Client.dll
C:\Program Files\dotnet\sdk\5.0.403\Extensions\Microsoft.TestPlatform.Extensions.BlameDataCollector.dll
C:\Program Files\dotnet\sdk\5.0.403\Extensions\Microsoft.TestPlatform.Extensions.EventLogCollector.dll
C:\Program Files\dotnet\sdk\5.0.403\Extensions\Microsoft.TestPlatform.TestHostRuntimeProvider.dll
C:\Program Files\dotnet\sdk\5.0.403\Extensions\Microsoft.VisualStudio.TestPlatform.Extensions.Html.TestLogger.dll
C:\Program Files\dotnet\sdk\5.0.403\Extensions\Microsoft.VisualStudio.TestPlatform.Extensions.Trx.TestLogger.dll
TpTrace Information: 0 : 24608, 1, 2021/12/17, 19:30:03.024, 2089913107994, vstest.console.dll, AssemblyResolver.AddSearchDirectories: Adding more searchDirectories C:\Program Files\dotnet\sdk\5.0.403\Extensions,C:\Program Files\dotnet\sdk\5.0.403
TpTrace Information: 0 : 24608, 1, 2021/12/17, 19:30:03.024, 2089913108382, vstest.console.dll, AssemblyResolver.AddSearchDirectories: Adding more searchDirectories C:\Program Files\dotnet\sdk\5.0.403\Extensions,C:\Program Files\dotnet\sdk\5.0.403
TpTrace Information: 0 : 24608, 1, 2021/12/17, 19:30:03.024, 2089913108836, vstest.console.dll, AssemblyResolver.AddSearchDirectories: Adding more searchDirectories C:\Program Files\dotnet\sdk\5.0.403\Extensions,C:\Program Files\dotnet\sdk\5.0.403
TpTrace Information: 0 : 24608, 1, 2021/12/17, 19:30:03.024, 2089913109157, vstest.console.dll, AssemblyResolver.AddSearchDirectories: Adding more searchDirectories C:\Program Files\dotnet\sdk\5.0.403\Extensions,C:\Program Files\dotnet\sdk\5.0.403
TpTrace Information: 0 : 24608, 1, 2021/12/17, 19:30:03.024, 2089913109696, vstest.console.dll, AssemblyResolver.AddSearchDirectories: Adding more searchDirectories C:\Program Files\dotnet\sdk\5.0.403\Extensions,C:\Program Files\dotnet\sdk\5.0.403
TpTrace Information: 0 : 24608, 1, 2021/12/17, 19:30:03.024, 2089913110128, vstest.console.dll, AssemblyResolver.AddSearchDirectories: Adding more searchDirectories C:\Program Files\dotnet\sdk\5.0.403\Extensions,C:\Program Files\dotnet\sdk\5.0.403
TpTrace Information: 0 : 24608, 1, 2021/12/17, 19:30:03.025, 2089913113002, vstest.console.dll, AssemblyResolver.OnResolve: Microsoft.Bcl.AsyncInterfaces: Resolving assembly.
TpTrace Information: 0 : 24608, 1, 2021/12/17, 19:30:03.025, 2089913113612, vstest.console.dll, AssemblyResolver.OnResolve: Microsoft.Bcl.AsyncInterfaces: Resolved from cache.
TpTrace Verbose: 0 : 24608, 1, 2021/12/17, 19:30:03.025, 2089913113948, vstest.console.dll, CurrentDomainAssemblyResolve: Resolving assembly 'Microsoft.Bcl.AsyncInterfaces'.
TpTrace Information: 0 : 24608, 1, 2021/12/17, 19:30:03.025, 2089913114663, vstest.console.dll, AssemblyResolver.OnResolve: Microsoft.Bcl.AsyncInterfaces: Resolving assembly.
TpTrace Information: 0 : 24608, 1, 2021/12/17, 19:30:03.025, 2089913115251, vstest.console.dll, AssemblyResolver.OnResolve: Microsoft.Bcl.AsyncInterfaces: Resolved from cache.
TpTrace Verbose: 0 : 24608, 1, 2021/12/17, 19:30:03.025, 2089913115760, vstest.console.dll, CurrentDomainAssemblyResolve: Resolving assembly 'Microsoft.Bcl.AsyncInterfaces'.
TpTrace Verbose: 0 : 24608, 1, 2021/12/17, 19:30:03.025, 2089913116060, vstest.console.dll, CurrentDomainAssemblyResolve: Failed to resolve assembly 'Microsoft.Bcl.AsyncInterfaces'.
TpTrace Verbose: 0 : 24608, 1, 2021/12/17, 19:30:03.025, 2089913118291, vstest.console.dll, CurrentDomainAssemblyResolve: Failed to resolve assembly 'Microsoft.Bcl.AsyncInterfaces'.
TpTrace Warning: 0 : 24608, 1, 2021/12/17, 19:30:03.025, 2089913121967, vstest.console.dll, TestPluginDiscoverer: Failed to get types from assembly 'Microsoft.Diagnostics.NETCore.Client, Version=0.2.2.41902, Culture=neutral, PublicKeyToken=31bf3856ad364e35'.  Skipping test extension scan for this assembly.  Error: System.Reflection.ReflectionTypeLoadException: Unable to load one or more of the requested types.
Could not load file or assembly 'Microsoft.Bcl.AsyncInterfaces, Version=1.0.0.0, Culture=neutral, PublicKeyToken=cc7b13ffcd2ddd51'. The system cannot find the file specified.
   at System.Reflection.RuntimeModule.GetTypes(RuntimeModule module)
   at System.Reflection.RuntimeModule.GetTypes()
   at System.Reflection.Assembly.GetTypes()
   at Microsoft.VisualStudio.TestPlatform.Common.ExtensionFramework.TestPluginDiscoverer.GetTestExtensionsFromAssembly[TPluginInfo,TExtension](Assembly assembly, Dictionary`2 pluginInfos)
System.IO.FileNotFoundException: Could not load file or assembly 'Microsoft.Bcl.AsyncInterfaces, Version=1.0.0.0, Culture=neutral, PublicKeyToken=cc7b13ffcd2ddd51'. The system cannot find the file specified.
File name: 'Microsoft.Bcl.AsyncInterfaces, Version=1.0.0.0, Culture=neutral, PublicKeyToken=cc7b13ffcd2ddd51'
TpTrace Warning: 0 : 24608, 1, 2021/12/17, 19:30:03.026, 2089913122523, vstest.console.dll, LoaderExceptions: System.IO.FileNotFoundException: Could not load file or assembly 'Microsoft.Bcl.AsyncInterfaces, Version=1.0.0.0, Culture=neutral, PublicKeyToken=cc7b13ffcd2ddd51'. The system cannot find the file specified.
File name: 'Microsoft.Bcl.AsyncInterfaces, Version=1.0.0.0, Culture=neutral, PublicKeyToken=cc7b13ffcd2ddd51'
TpTrace Verbose: 0 : 24608, 1, 2021/12/17, 19:30:03.026, 2089913127320, vstest.console.dll, TestPluginCache: Discovered the extensions using extension path ''.
TpTrace Verbose: 0 : 24608, 1, 2021/12/17, 19:30:03.026, 2089913127987, vstest.console.dll, TestPluginCache: Discoverers are ''.
TpTrace Verbose: 0 : 24608, 1, 2021/12/17, 19:30:03.026, 2089913128446, vstest.console.dll, TestPluginCache: Executors are ''.
TpTrace Verbose: 0 : 24608, 1, 2021/12/17, 19:30:03.026, 2089913128982, vstest.console.dll, TestPluginCache: Executors2 are ''.
TpTrace Verbose: 0 : 24608, 1, 2021/12/17, 19:30:03.026, 2089913129267, vstest.console.dll, TestPluginCache: Setting providers are ''.
TpTrace Verbose: 0 : 24608, 1, 2021/12/17, 19:30:03.026, 2089913130157, vstest.console.dll, TestPluginCache: Loggers are 'logger://Microsoft/TestPlatform/Extensions/Blame/v1,logger://Microsoft/TestPlatform/HtmlLogger/v1,logger://Microsoft/TestPlatform/TrxLogger/v1'.
TpTrace Information: 0 : 24608, 1, 2021/12/17, 19:30:03.027, 2089913136775, vstest.console.dll, TestPluginManager.CreateTestExtension: Attempting to load test extension: Microsoft.TestPlatform.Extensions.BlameDataCollector.BlameLogger
TpTrace Information: 0 : 24608, 1, 2021/12/17, 19:30:03.037, 2089913233934, vstest.console.dll, TestPluginManager.CreateTestExtension: Attempting to load test extension: Microsoft.VisualStudio.TestPlatform.CrossPlatEngine.Hosting.DefaultTestHostManager
TpTrace Information: 0 : 24608, 1, 2021/12/17, 19:30:03.037, 2089913236668, vstest.console.dll, TestPluginManager.CreateTestExtension: Attempting to load test extension: Microsoft.VisualStudio.TestPlatform.CrossPlatEngine.Hosting.DotnetTestHostManager
TpTrace Verbose: 0 : 24608, 1, 2021/12/17, 19:30:03.037, 2089913241706, vstest.console.dll, TestEngine: Initializing Parallel Execution as MaxCpuCount is set to: 1
TpTrace Information: 0 : 24608, 1, 2021/12/17, 19:30:03.038, 2089913247264, vstest.console.dll, InferRunSettingsHelper.IsTestSettingsEnabled: Unable to navigate to RunSettings/MSTest. Current node: RunSettings
TpTrace Verbose: 0 : 24608, 1, 2021/12/17, 19:30:03.068, 2089913543312, vstest.console.dll, TestRequestSender is acting as server
TpTrace Verbose: 0 : 24608, 4, 2021/12/17, 19:30:03.071, 2089913580115, vstest.console.dll, DataCollectionRequestSender.InitializeCommunication : Initialize communication. 
TpTrace Information: 0 : 24608, 4, 2021/12/17, 19:30:03.083, 2089913700458, vstest.console.dll, Listening on Endpoint : 127.0.0.1:52813
TpTrace Verbose: 0 : 24608, 4, 2021/12/17, 19:30:03.095, 2089913813226, vstest.console.dll, DotnetDataCollectionLauncher: Full path of dotnet.exe is C:\Program Files\dotnet\dotnet.exe
TpTrace Verbose: 0 : 24608, 4, 2021/12/17, 19:30:03.095, 2089913815390, vstest.console.dll, DotnetDataCollectionLauncher: Adding  --runtimeconfig "C:\Program Files\dotnet\sdk\5.0.403\datacollector.runtimeconfig.json" in args
TpTrace Verbose: 0 : 24608, 4, 2021/12/17, 19:30:03.095, 2089913816578, vstest.console.dll, DotnetDataCollectionLauncher: Adding  --depsfile "C:\Program Files\dotnet\sdk\5.0.403\datacollector.deps.json" in args
TpTrace Information: 0 : 24608, 4, 2021/12/17, 19:30:03.104, 2089913908491, vstest.console.dll, ProxyDataCollectionManager.Initialize: Launched datacollector processId: 23420 port: 52813
TpTrace Information: 0 : 24608, 4, 2021/12/17, 19:30:03.104, 2089913910558, vstest.console.dll, ProxyDataCollectionManager.Initialize: waiting for connection with timeout: 90 seconds
TpTrace Verbose: 0 : 24608, 4, 2021/12/17, 19:30:03.104, 2089913911427, vstest.console.dll, DataCollectionRequestSender.WaitForRequestHandlerConnection : Waiting for connection with timeout: 90000
TpTrace Information: 0 : 24608, 7, 2021/12/17, 19:30:03.379, 2089916654206, vstest.console.dll, Using the buffer size of 16384 bytes
TpTrace Verbose: 0 : 24608, 4, 2021/12/17, 19:30:03.379, 2089916655227, vstest.console.dll, ProxyDataCollectionManager.InvokeDataCollectionServiceAction: Starting.
TpTrace Information: 0 : 24608, 7, 2021/12/17, 19:30:03.379, 2089916655965, vstest.console.dll, Accepted Client request and set the flag
TpTrace Information: 0 : 24608, 4, 2021/12/17, 19:30:03.379, 2089916657775, vstest.console.dll, ProxyDataCollectionManager.BeforeTestRunStart: Get environment variable and port for datacollector processId: 23420 port: 52813
TpTrace Verbose: 0 : 24608, 4, 2021/12/17, 19:30:03.379, 2089916660210, vstest.console.dll, DataCollectionRequestSender.SendBeforeTestRunStartAndGetResult : Send BeforeTestRunStart message with settingsXml <RunSettings><RunConfiguration><ResultsDirectory>E:\###FSE_stage3\MFPE\testDemo\StockApiTesting\bin\Debug\net5.0\fine-code-coverage\coverage-tool-output</ResultsDirectory><TargetPlatform>X64</TargetPlatform><TargetFrameworkVersion>.NETCoreApp,Version=v5.0</TargetFrameworkVersion><DesignMode>False</DesignMode><CollectSourceInformation>False</CollectSourceInformation><TestAdaptersPaths>C:\Program Files\dotnet\sdk\5.0.403\Extensions</TestAdaptersPaths></RunConfiguration><LoggerRunSettings><Loggers><Logger friendlyName="blame" enabled="True" /><Logger friendlyName="Console" uri="logger://microsoft/TestPlatform/ConsoleLogger/v1" assemblyQualifiedName="Microsoft.VisualStudio.TestPlatform.CommandLine.Internal.ConsoleLogger, vstest.console, Version=15.0.0.0, Culture=neutral, PublicKeyToken=b03f5f7f11d50a3a" codeBase="C:\Program Files\dotnet\sdk\5.0.403\vstest.console.dll" enabled="True" /></Loggers></LoggerRunSettings><DataCollectionRunSettings><DataCollectors><DataCollector friendlyName="blame" enabled="True"><Configuration><ResultsDirectory>E:\###FSE_stage3\MFPE\testDemo\StockApiTesting\bin\Debug\net5.0\fine-code-coverage\coverage-tool-output</ResultsDirectory></Configuration></DataCollector></DataCollectors></DataCollectionRunSettings></RunSettings> and sources System.Linq.Enumerable+Concat2Iterator`1[System.String]: 
TpTrace Verbose: 0 : 24608, 4, 2021/12/17, 19:30:03.506, 2089917925502, vstest.console.dll, DataCollectionRequestSender.SendBeforeTestRunStartAndGetResult : Received message: (DataCollection.SendMessage) -> {
  "FriendlyName": null,
  "Uri": null,
  "TestCaseId": "00000000-0000-0000-0000-000000000000",
  "Message": "Logging DataCollector Diagnostics in file: E:\\###FSE_stage3\\MFPE\\testDemo\\StockApiTesting\\bin\\Debug\\net5.0\\fine-code-coverage\\coverage-tool-output\\diagnostics.datacollector.21-12-17_19-30-03_08981_4.log",
  "Level": 0
}
TpTrace Verbose: 0 : 24608, 4, 2021/12/17, 19:30:03.604, 2089918902189, vstest.console.dll, DataCollectionRequestSender.SendBeforeTestRunStartAndGetResult : Received message: (DataCollection.BeforeTestRunStartResult) -> {
  "EnvironmentVariables": {},
  "DataCollectionEventsPort": 52815
}
TpTrace Information: 0 : 24608, 4, 2021/12/17, 19:30:03.607, 2089918940446, vstest.console.dll, ProxyDataCollectionManager.BeforeTestRunStart: SendBeforeTestRunStartAndGetResult successful, env variable from datacollector:   and testhost port: 52815
TpTrace Information: 0 : 24608, 4, 2021/12/17, 19:30:03.607, 2089918941486, vstest.console.dll, ProxyDataCollectionManager.InvokeDataCollectionServiceAction: Completed.
TpTrace Verbose: 0 : 24608, 1, 2021/12/17, 19:30:03.608, 2089918942933, vstest.console.dll, TestRunRequest.ExecuteAsync: Creating test run request.
TpTrace Verbose: 0 : 24608, 1, 2021/12/17, 19:30:03.608, 2089918945289, vstest.console.dll, TestRunRequest.ExecuteAsync: Starting.
TpTrace Information: 0 : 24608, 1, 2021/12/17, 19:30:03.608, 2089918947772, vstest.console.dll, TestRunRequest.ExecuteAsync: Starting run with settings:TestRunCriteria:
   KeepAlive=False,FrequencyOfRunStatsChangeEvent=10,RunStatsChangeEventTimeout=00:00:01.5000000,TestCaseFilter=,TestExecutorLauncher=
   Settingsxml=<RunSettings>
  <RunConfiguration>
    <ResultsDirectory>E:\###FSE_stage3\MFPE\testDemo\StockApiTesting\bin\Debug\net5.0\fine-code-coverage\coverage-tool-output</ResultsDirectory>
    <TargetPlatform>X64</TargetPlatform>
    <TargetFrameworkVersion>.NETCoreApp,Version=v5.0</TargetFrameworkVersion>
    <DesignMode>False</DesignMode>
    <CollectSourceInformation>False</CollectSourceInformation>
  </RunConfiguration>
  <LoggerRunSettings>
    <Loggers>
      <Logger friendlyName="blame" enabled="True" />
      <Logger friendlyName="Console" uri="logger://microsoft/TestPlatform/ConsoleLogger/v1" assemblyQualifiedName="Microsoft.VisualStudio.TestPlatform.CommandLine.Internal.ConsoleLogger, vstest.console, Version=15.0.0.0, Culture=neutral, PublicKeyToken=b03f5f7f11d50a3a" codeBase="C:\Program Files\dotnet\sdk\5.0.403\vstest.console.dll" enabled="True" />
    </Loggers>
  </LoggerRunSettings>
  <DataCollectionRunSettings>
    <DataCollectors>
      <DataCollector friendlyName="blame" enabled="True">
        <Configuration>
          <ResultsDirectory>E:\###FSE_stage3\MFPE\testDemo\StockApiTesting\bin\Debug\net5.0\fine-code-coverage\coverage-tool-output</ResultsDirectory>
        </Configuration>
      </DataCollector>
    </DataCollectors>
  </DataCollectionRunSettings>
</RunSettings>

TpTrace Verbose: 0 : 24608, 1, 2021/12/17, 19:30:03.608, 2089918948357, vstest.console.dll, TestRunRequest.ExecuteAsync: Wait for the first run request is over.
TpTrace Verbose: 0 : 24608, 1, 2021/12/17, 19:30:03.608, 2089918951978, vstest.console.dll, ParallelProxyExecutionManager: Start execution. Total sources: 1
TpTrace Information: 0 : 24608, 1, 2021/12/17, 19:30:03.609, 2089918959070, vstest.console.dll, ProxyParallelExecutionManager: Triggering test run for next source: E:\###FSE_stage3\MFPE\testDemo\StockApiTesting\bin\Debug\net5.0\fine-code-coverage\build-output\StockApiTesting.dll
TpTrace Verbose: 0 : 24608, 1, 2021/12/17, 19:30:03.609, 2089918961089, vstest.console.dll, ProxyParallelExecutionManager: No sources available for execution.
TpTrace Verbose: 0 : 24608, 6, 2021/12/17, 19:30:03.609, 2089918961187, vstest.console.dll, ParallelProxyExecutionManager: Execution started. Started clients: 1
TpTrace Information: 0 : 24608, 1, 2021/12/17, 19:30:03.609, 2089918961633, vstest.console.dll, TestRunRequest.ExecuteAsync: Started.
TpTrace Verbose: 0 : 24608, 1, 2021/12/17, 19:30:03.610, 2089918963164, vstest.console.dll, TestRunRequest.WaitForCompletion: Waiting with timeout -1.
TpTrace Verbose: 0 : 24608, 6, 2021/12/17, 19:30:03.610, 2089918964472, vstest.console.dll, TestRunRequest:SendTestRunMessage: Starting.
TpTrace Information: 0 : 24608, 6, 2021/12/17, 19:30:03.610, 2089918965527, vstest.console.dll, TestRunRequest:SendTestRunMessage: Completed.
TpTrace Verbose: 0 : 24608, 6, 2021/12/17, 19:30:03.610, 2089918967282, vstest.console.dll, ProxyExecutionManager: Test host is always Lazy initialize.
TpTrace Verbose: 0 : 24608, 6, 2021/12/17, 19:30:03.610, 2089918969372, vstest.console.dll, TestRequestSender.InitializeCommunication: initialize communication. 
TpTrace Information: 0 : 24608, 6, 2021/12/17, 19:30:03.611, 2089918973994, vstest.console.dll, SocketServer.Start: Listening on endpoint : 127.0.0.1:52816
TpTrace Verbose: 0 : 24608, 6, 2021/12/17, 19:30:03.611, 2089918979999, vstest.console.dll, DotnetTestHostmanager: Adding  --runtimeconfig "E:\###FSE_stage3\MFPE\testDemo\StockApiTesting\bin\Debug\net5.0\fine-code-coverage\build-output\StockApiTesting.runtimeconfig.json" in args
TpTrace Verbose: 0 : 24608, 6, 2021/12/17, 19:30:03.611, 2089918980708, vstest.console.dll, DotnetTestHostmanager: Adding  --depsfile "E:\###FSE_stage3\MFPE\testDemo\StockApiTesting\bin\Debug\net5.0\fine-code-coverage\build-output\StockApiTesting.deps.json" in args
TpTrace Verbose: 0 : 24608, 6, 2021/12/17, 19:30:03.612, 2089918982219, vstest.console.dll, DotnetTestHostManager: Testhost.exe/testhost.x86.exe found at path: E:\###FSE_stage3\MFPE\testDemo\StockApiTesting\bin\Debug\net5.0\fine-code-coverage\build-output\testhost.exe
TpTrace Verbose: 0 : 24608, 6, 2021/12/17, 19:30:03.612, 2089918982783, vstest.console.dll, DotnetTestHostmanager: Full path of host exe is E:\###FSE_stage3\MFPE\testDemo\StockApiTesting\bin\Debug\net5.0\fine-code-coverage\build-output\testhost.exe
TpTrace Verbose: 0 : 24608, 4, 2021/12/17, 19:30:03.612, 2089918991132, vstest.console.dll, DotnetTestHostManager: Starting process 'E:\###FSE_stage3\MFPE\testDemo\StockApiTesting\bin\Debug\net5.0\fine-code-coverage\build-output\testhost.exe' with command line ' --runtimeconfig "E:\###FSE_stage3\MFPE\testDemo\StockApiTesting\bin\Debug\net5.0\fine-code-coverage\build-output\StockApiTesting.runtimeconfig.json" --depsfile "E:\###FSE_stage3\MFPE\testDemo\StockApiTesting\bin\Debug\net5.0\fine-code-coverage\build-output\StockApiTesting.deps.json" --port 52816 --endpoint 127.0.0.1:052816 --role client --parentprocessid 24608 --diag "E:\###FSE_stage3\MFPE\testDemo\StockApiTesting\bin\Debug\net5.0\fine-code-coverage\coverage-tool-output\diagnostics.host.21-12-17_19-30-03_61146_6.log" --tracelevel 4 --datacollectionport 52815 --telemetryoptedin false'
TpTrace Verbose: 0 : 24608, 4, 2021/12/17, 19:30:03.851, 2089921374076, vstest.console.dll, Test Runtime launched
TpTrace Verbose: 0 : 24608, 6, 2021/12/17, 19:30:03.851, 2089921380452, vstest.console.dll, TestRequestSender.WaitForRequestHandlerConnection: waiting for connection with timeout: 90000
TpTrace Verbose: 0 : 24608, 15, 2021/12/17, 19:30:04.342, 2089926291694, vstest.console.dll, SocketServer.OnClientConnected: Client connected for endPoint: 127.0.0.1:52816, starting MessageLoopAsync:
TpTrace Verbose: 0 : 24608, 4, 2021/12/17, 19:30:04.343, 2089926293945, vstest.console.dll, TcpClientExtensions.MessageLoopAsync: Polling on remoteEndPoint: 127.0.0.1:52817 localEndPoint: 127.0.0.1:52816
TpTrace Verbose: 0 : 24608, 4, 2021/12/17, 19:30:04.564, 2089928505174, vstest.console.dll, TcpClientExtensions.MessageLoopAsync: NotifyDataAvailable remoteEndPoint: 127.0.0.1:52817 localEndPoint: 127.0.0.1:52816
TpTrace Verbose: 0 : 24608, 4, 2021/12/17, 19:30:04.564, 2089928507823, vstest.console.dll, TestRequestSender.CheckVersionWithTestHost: onMessageReceived received message: (ProtocolVersion) -> 5
TpTrace Verbose: 0 : 24608, 4, 2021/12/17, 19:30:04.565, 2089928513284, vstest.console.dll, TcpClientExtensions.MessageLoopAsync: Polling on remoteEndPoint: 127.0.0.1:52817 localEndPoint: 127.0.0.1:52816
TpTrace Verbose: 0 : 24608, 6, 2021/12/17, 19:30:04.565, 2089928514443, vstest.console.dll, TestPluginCache.GetExtensionPaths: Filtered extension paths: 
TpTrace Verbose: 0 : 24608, 6, 2021/12/17, 19:30:04.565, 2089928515569, vstest.console.dll, TestPluginCache.GetExtensionPaths: Added default extension paths: C:\Program Files\dotnet\sdk\5.0.403\Extensions\Microsoft.Diagnostics.NETCore.Client.dll
C:\Program Files\dotnet\sdk\5.0.403\Extensions\Microsoft.TestPlatform.Extensions.BlameDataCollector.dll
C:\Program Files\dotnet\sdk\5.0.403\Extensions\Microsoft.TestPlatform.Extensions.EventLogCollector.dll
C:\Program Files\dotnet\sdk\5.0.403\Extensions\Microsoft.TestPlatform.TestHostRuntimeProvider.dll
C:\Program Files\dotnet\sdk\5.0.403\Extensions\Microsoft.VisualStudio.TestPlatform.Extensions.Html.TestLogger.dll
C:\Program Files\dotnet\sdk\5.0.403\Extensions\Microsoft.VisualStudio.TestPlatform.Extensions.Trx.TestLogger.dll
TpTrace Verbose: 0 : 24608, 6, 2021/12/17, 19:30:04.565, 2089928516418, vstest.console.dll, TestPluginCache.GetExtensionPaths: Added unfilterableExtensionPaths: 
TpTrace Verbose: 0 : 24608, 6, 2021/12/17, 19:30:04.570, 2089928568114, vstest.console.dll, TestRequestSender.InitializeExecution: Sending initializing execution with message: {"Version":5,"MessageType":"TestExecution.Initialize","Payload":["E:\\###FSE_stage3\\MFPE\\testDemo\\StockApiTesting\\bin\\Debug\\net5.0\\fine-code-coverage\\build-output\\NUnit3.TestAdapter.dll"]}
TpTrace Verbose: 0 : 24608, 4, 2021/12/17, 19:30:04.578, 2089928651804, vstest.console.dll, TcpClientExtensions.MessageLoopAsync: NotifyDataAvailable remoteEndPoint: 127.0.0.1:52817 localEndPoint: 127.0.0.1:52816
TpTrace Verbose: 0 : 24608, 4, 2021/12/17, 19:30:04.579, 2089928653645, vstest.console.dll, TestRequestSender.OnExecutionMessageReceived: Received message: {"Version":5,"MessageType":"TestSession.Message","Payload":{"MessageLevel":0,"Message":"Logging TestHost Diagnostics in file: E:\\###FSE_stage3\\MFPE\\testDemo\\StockApiTesting\\bin\\Debug\\net5.0\\fine-code-coverage\\coverage-tool-output\\diagnostics.host.21-12-17_19-30-03_61146_6.log"}}
TpTrace Verbose: 0 : 24608, 6, 2021/12/17, 19:30:04.579, 2089928656996, vstest.console.dll, TestRequestSender.StartTestRun: Sending test run with message: {"Version":5,"MessageType":"TestExecution.StartWithSources","Payload":{"AdapterSourceMap":{"_none_":["E:\\###FSE_stage3\\MFPE\\testDemo\\StockApiTesting\\bin\\Debug\\net5.0\\fine-code-coverage\\build-output\\StockApiTesting.dll"]},"RunSettings":"<RunSettings>\r\n  <RunConfiguration>\r\n    <ResultsDirectory>E:\\###FSE_stage3\\MFPE\\testDemo\\StockApiTesting\\bin\\Debug\\net5.0\\fine-code-coverage\\coverage-tool-output</ResultsDirectory>\r\n    <TargetPlatform>X64</TargetPlatform>\r\n    <TargetFrameworkVersion>.NETCoreApp,Version=v5.0</TargetFrameworkVersion>\r\n    <DesignMode>False</DesignMode>\r\n    <CollectSourceInformation>False</CollectSourceInformation>\r\n  </RunConfiguration>\r\n  <LoggerRunSettings>\r\n    <Loggers>\r\n      <Logger friendlyName=\"blame\" enabled=\"True\" />\r\n      <Logger friendlyName=\"Console\" uri=\"logger://microsoft/TestPlatform/ConsoleLogger/v1\" assemblyQualifiedName=\"Microsoft.VisualStudio.TestPlatform.CommandLine.Internal.ConsoleLogger, vstest.console, Version=15.0.0.0, Culture=neutral, PublicKeyToken=b03f5f7f11d50a3a\" codeBase=\"C:\\Program Files\\dotnet\\sdk\\5.0.403\\vstest.console.dll\" enabled=\"True\" />\r\n    </Loggers>\r\n  </LoggerRunSettings>\r\n  <DataCollectionRunSettings>\r\n    <DataCollectors>\r\n      <DataCollector friendlyName=\"blame\" enabled=\"True\">\r\n        <Configuration>\r\n          <ResultsDirectory>E:\\###FSE_stage3\\MFPE\\testDemo\\StockApiTesting\\bin\\Debug\\net5.0\\fine-code-coverage\\coverage-tool-output</ResultsDirectory>\r\n        </Configuration>\r\n      </DataCollector>\r\n    </DataCollectors>\r\n  </DataCollectionRunSettings>\r\n</RunSettings>","TestExecutionContext":{"FrequencyOfRunStatsChangeEvent":10,"RunStatsChangeEventTimeout":"00:00:01.5000000","InIsolation":false,"KeepAlive":false,"AreTestCaseLevelEventsRequired":false,"IsDebug":false,"TestCaseFilter":null,"FilterOptions":null},"Package":null}}
TpTrace Verbose: 0 : 24608, 4, 2021/12/17, 19:30:04.582, 2089928683596, vstest.console.dll, TestRunRequest:SendTestRunMessage: Starting.
TpTrace Information: 0 : 24608, 4, 2021/12/17, 19:30:04.582, 2089928685340, vstest.console.dll, TestRunRequest:SendTestRunMessage: Completed.
TpTrace Verbose: 0 : 24608, 4, 2021/12/17, 19:30:04.582, 2089928685997, vstest.console.dll, TcpClientExtensions.MessageLoopAsync: Polling on remoteEndPoint: 127.0.0.1:52817 localEndPoint: 127.0.0.1:52816
TpTrace Verbose: 0 : 24608, 4, 2021/12/17, 19:30:04.802, 2089930886008, vstest.console.dll, TcpClientExtensions.MessageLoopAsync: NotifyDataAvailable remoteEndPoint: 127.0.0.1:52817 localEndPoint: 127.0.0.1:52816
TpTrace Verbose: 0 : 24608, 4, 2021/12/17, 19:30:04.802, 2089930888116, vstest.console.dll, TestRequestSender.OnExecutionMessageReceived: Received message: {"Version":5,"MessageType":"TestSession.Message","Payload":{"MessageLevel":0,"Message":"NUnit Adapter 3.17.0.0: Test execution started"}}
TpTrace Verbose: 0 : 24608, 4, 2021/12/17, 19:30:04.802, 2089930891295, vstest.console.dll, TestRunRequest:SendTestRunMessage: Starting.
TpTrace Information: 0 : 24608, 4, 2021/12/17, 19:30:04.802, 2089930892073, vstest.console.dll, TestRunRequest:SendTestRunMessage: Completed.
TpTrace Verbose: 0 : 24608, 4, 2021/12/17, 19:30:04.803, 2089930893004, vstest.console.dll, TcpClientExtensions.MessageLoopAsync: Polling on remoteEndPoint: 127.0.0.1:52817 localEndPoint: 127.0.0.1:52816
TpTrace Verbose: 0 : 24608, 4, 2021/12/17, 19:30:04.840, 2089931266832, vstest.console.dll, TcpClientExtensions.MessageLoopAsync: NotifyDataAvailable remoteEndPoint: 127.0.0.1:52817 localEndPoint: 127.0.0.1:52816
TpTrace Verbose: 0 : 24608, 4, 2021/12/17, 19:30:04.840, 2089931268072, vstest.console.dll, TestRequestSender.OnExecutionMessageReceived: Received message: {"Version":5,"MessageType":"TestSession.Message","Payload":{"MessageLevel":0,"Message":"Running all tests in E:\\###FSE_stage3\\MFPE\\testDemo\\StockApiTesting\\bin\\Debug\\net5.0\\fine-code-coverage\\build-output\\StockApiTesting.dll"}}
TpTrace Verbose: 0 : 24608, 4, 2021/12/17, 19:30:04.840, 2089931269615, vstest.console.dll, TestRunRequest:SendTestRunMessage: Starting.
TpTrace Information: 0 : 24608, 4, 2021/12/17, 19:30:04.840, 2089931270152, vstest.console.dll, TestRunRequest:SendTestRunMessage: Completed.
TpTrace Verbose: 0 : 24608, 4, 2021/12/17, 19:30:04.840, 2089931270481, vstest.console.dll, TcpClientExtensions.MessageLoopAsync: Polling on remoteEndPoint: 127.0.0.1:52817 localEndPoint: 127.0.0.1:52816
TpTrace Verbose: 0 : 24608, 4, 2021/12/17, 19:30:05.249, 2089935354726, vstest.console.dll, TcpClientExtensions.MessageLoopAsync: NotifyDataAvailable remoteEndPoint: 127.0.0.1:52817 localEndPoint: 127.0.0.1:52816
TpTrace Verbose: 0 : 24608, 4, 2021/12/17, 19:30:05.249, 2089935356832, vstest.console.dll, TestRequestSender.OnExecutionMessageReceived: Received message: {"Version":5,"MessageType":"TestSession.Message","Payload":{"MessageLevel":0,"Message":"   NUnit3TestExecutor discovered 4 of 4 NUnit test cases"}}
TpTrace Verbose: 0 : 24608, 4, 2021/12/17, 19:30:05.249, 2089935359156, vstest.console.dll, TestRunRequest:SendTestRunMessage: Starting.
TpTrace Information: 0 : 24608, 4, 2021/12/17, 19:30:05.249, 2089935359863, vstest.console.dll, TestRunRequest:SendTestRunMessage: Completed.
TpTrace Verbose: 0 : 24608, 4, 2021/12/17, 19:30:05.249, 2089935360569, vstest.console.dll, TcpClientExtensions.MessageLoopAsync: Polling on remoteEndPoint: 127.0.0.1:52817 localEndPoint: 127.0.0.1:52816
TpTrace Verbose: 0 : 24608, 4, 2021/12/17, 19:30:05.871, 2089941577362, vstest.console.dll, TcpClientExtensions.MessageLoopAsync: NotifyDataAvailable remoteEndPoint: 127.0.0.1:52817 localEndPoint: 127.0.0.1:52816
TpTrace Verbose: 0 : 24608, 4, 2021/12/17, 19:30:05.871, 2089941579855, vstest.console.dll, TestRequestSender.OnExecutionMessageReceived: Received message: {"Version":5,"MessageType":"TestSession.Message","Payload":{"MessageLevel":0,"Message":"NUnit Adapter 3.17.0.0: Test execution complete"}}
TpTrace Verbose: 0 : 24608, 4, 2021/12/17, 19:30:05.872, 2089941582643, vstest.console.dll, TestRunRequest:SendTestRunMessage: Starting.
TpTrace Information: 0 : 24608, 4, 2021/12/17, 19:30:05.872, 2089941583568, vstest.console.dll, TestRunRequest:SendTestRunMessage: Completed.
TpTrace Verbose: 0 : 24608, 4, 2021/12/17, 19:30:05.872, 2089941584098, vstest.console.dll, TcpClientExtensions.MessageLoopAsync: Polling on remoteEndPoint: 127.0.0.1:52817 localEndPoint: 127.0.0.1:52816
TpTrace Verbose: 0 : 24608, 4, 2021/12/17, 19:30:05.926, 2089942125165, vstest.console.dll, TcpClientExtensions.MessageLoopAsync: NotifyDataAvailable remoteEndPoint: 127.0.0.1:52817 localEndPoint: 127.0.0.1:52816
TpTrace Verbose: 0 : 24608, 4, 2021/12/17, 19:30:05.926, 2089942127643, vstest.console.dll, TestRequestSender.OnExecutionMessageReceived: Received message: {"Version":5,"MessageType":"TestExecution.Completed","Payload":{"TestRunCompleteArgs":{"TestRunStatistics":{"ExecutedTests":4,"Stats":{"Passed":4}},"IsCanceled":false,"IsAborted":false,"Error":null,"AttachmentSets":[],"ElapsedTimeInRunningTests":"00:00:01.0942172","Metrics":{}},"LastRunTests":{"NewTestResults":[{"TestCase":{"Id":"600a2a21-a24f-70f4-dddc-46ffafc88b11","FullyQualifiedName":"StockApiTesting.Tests.GetStockByNameController_FailCase","DisplayName":"GetStockByNameController_FailCase","ExecutorUri":"executor://NUnit3TestExecutor","Source":"E:\\###FSE_stage3\\MFPE\\testDemo\\StockApiTesting\\bin\\Debug\\net5.0\\fine-code-coverage\\build-output\\StockApiTesting.dll","CodeFilePath":null,"LineNumber":0,"Properties":[]},"Attachments":[],"Outcome":1,"ErrorMessage":null,"ErrorStackTrace":null,"DisplayName":"GetStockByNameController_FailCase","Messages":[],"ComputerName":"DESKTOP-A6HRSOV","Duration":"00:00:00.0935040","StartTime":"2021-12-17T14:00:05.737954+00:00","EndTime":"2021-12-17T14:00:05.8313612+00:00","Properties":[]},{"TestCase":{"Id":"201c0ca9-23f7-ffda-0784-453e9a8b1003","FullyQualifiedName":"StockApiTesting.Tests.GetStockByNameController_PassCase","DisplayName":"GetStockByNameController_PassCase","ExecutorUri":"executor://NUnit3TestExecutor","Source":"E:\\###FSE_stage3\\MFPE\\testDemo\\StockApiTesting\\bin\\Debug\\net5.0\\fine-code-coverage\\build-output\\StockApiTesting.dll","CodeFilePath":null,"LineNumber":0,"Properties":[]},"Attachments":[],"Outcome":1,"ErrorMessage":null,"ErrorStackTrace":null,"DisplayName":"GetStockByNameController_PassCase","Messages":[],"ComputerName":"DESKTOP-A6HRSOV","Duration":"00:00:00.0050000","StartTime":"2021-12-17T14:00:05.8332196+00:00","EndTime":"2021-12-17T14:00:05.8382167+00:00","Properties":[]},{"TestCase":{"Id":"ae78685c-0988-d9ff-9ebb-d8f1a29e42e3","FullyQualifiedName":"StockApiTesting.Tests.GetStockByNameProvider_FailCase","DisplayName":"GetStockByNameProvider_FailCase","ExecutorUri":"executor://NUnit3TestExecutor","Source":"E:\\###FSE_stage3\\MFPE\\testDemo\\StockApiTesting\\bin\\Debug\\net5.0\\fine-code-coverage\\build-output\\StockApiTesting.dll","CodeFilePath":null,"LineNumber":0,"Properties":[]},"Attachments":[],"Outcome":1,"ErrorMessage":null,"ErrorStackTrace":null,"DisplayName":"GetStockByNameProvider_FailCase","Messages":[],"ComputerName":"DESKTOP-A6HRSOV","Duration":"00:00:00.0005610","StartTime":"2021-12-17T14:00:05.8382515+00:00","EndTime":"2021-12-17T14:00:05.8388111+00:00","Properties":[]},{"TestCase":{"Id":"f9d38ce3-d04c-93f5-a800-6a578b8b033d","FullyQualifiedName":"StockApiTesting.Tests.GetStockByNameProvider_PassCase","DisplayName":"GetStockByNameProvider_PassCase","ExecutorUri":"executor://NUnit3TestExecutor","Source":"E:\\###FSE_stage3\\MFPE\\testDemo\\StockApiTesting\\bin\\Debug\\net5.0\\fine-code-coverage\\build-output\\StockApiTesting.dll","CodeFilePath":null,"LineNumber":0,"Properties":[]},"Attachments":[],"Outcome":1,"ErrorMessage":null,"ErrorStackTrace":null,"DisplayName":"GetStockByNameProvider_PassCase","Messages":[],"ComputerName":"DESKTOP-A6HRSOV","Duration":"00:00:00.0004830","StartTime":"2021-12-17T14:00:05.8388272+00:00","EndTime":"2021-12-17T14:00:05.83931+00:00","Properties":[]}],"TestRunStatistics":{"ExecutedTests":4,"Stats":{"Passed":4}},"ActiveTests":[]},"RunAttachments":[],"ExecutorUris":["executor://nunit3testexecutor/"]}}
TpTrace Verbose: 0 : 24608, 4, 2021/12/17, 19:30:05.930, 2089942171626, vstest.console.dll, TestRequestSender.EndSession: Sending end session.
TpTrace Verbose: 0 : 24608, 4, 2021/12/17, 19:30:05.931, 2089942174398, vstest.console.dll, ProxyOperationManager.Close: waiting for test host to exit for 100 ms
TpTrace Warning: 0 : 24608, 4, 2021/12/17, 19:30:06.034, 2089943206004, vstest.console.dll, ProxyOperationManager: Timed out waiting for test host to exit. Will terminate process.
TpTrace Verbose: 0 : 24608, 4, 2021/12/17, 19:30:06.548, 2089948348160, vstest.console.dll, TestHostProvider.ExitCallBack: Host exited starting callback.
TpTrace Information: 0 : 24608, 4, 2021/12/17, 19:30:06.548, 2089948350205, vstest.console.dll, TestHostManagerCallbacks.ExitCallBack: Testhost processId: 9976 exited with exitcode: 0 error: ''
TpTrace Verbose: 0 : 24608, 4, 2021/12/17, 19:30:06.548, 2089948351054, vstest.console.dll, DotnetTestHostManager.OnHostExited: invoking OnHostExited callback
TpTrace Verbose: 0 : 24608, 4, 2021/12/17, 19:30:06.548, 2089948351798, vstest.console.dll, CrossPlatEngine.TestHostManagerHostExited: calling on client process exit callback.
TpTrace Information: 0 : 24608, 4, 2021/12/17, 19:30:06.549, 2089948352415, vstest.console.dll, TestRequestSender.OnClientProcessExit: Test host process exited. Standard error: 
TpTrace Information: 0 : 24608, 4, 2021/12/17, 19:30:06.549, 2089948352860, vstest.console.dll, SocketServer.Stop: Stop server endPoint: 127.0.0.1:52816
TpTrace Information: 0 : 24608, 4, 2021/12/17, 19:30:06.549, 2089948353142, vstest.console.dll, SocketServer.Stop: Cancellation requested. Stopping message loop.
TpTrace Verbose: 0 : 24608, 4, 2021/12/17, 19:30:06.549, 2089948361375, vstest.console.dll, ProxyDataCollectionManager.InvokeDataCollectionServiceAction: Starting.
TpTrace Information: 0 : 24608, 4, 2021/12/17, 19:30:06.549, 2089948362051, vstest.console.dll, ProxyDataCollectionManager.AfterTestRunEnd: Get attachment set for datacollector processId: 23420 port: 52813
TpTrace Verbose: 0 : 24608, 4, 2021/12/17, 19:30:06.550, 2089948362502, vstest.console.dll, DataCollectionRequestSender.SendAfterTestRunStartAndGetResult : Send AfterTestRunEnd message with isCancelled: False
TpTrace Verbose: 0 : 24608, 4, 2021/12/17, 19:30:06.553, 2089948400229, vstest.console.dll, DataCollectionRequestSender.SendAfterTestRunStartAndGetResult : Received message: (DataCollection.AfterTestRunEndResult) -> {
  "AttachmentSets": [],
  "Metrics": {}
}
TpTrace Information: 0 : 24608, 4, 2021/12/17, 19:30:06.558, 2089948444893, vstest.console.dll, ProxyDataCollectionManager.InvokeDataCollectionServiceAction: Completed.
TpTrace Warning: 0 : 24608, 9, 2021/12/17, 19:30:06.559, 2089948455977, vstest.console.dll, DataCollectionLauncher.ErrorReceivedCallback datacollector standard error line: 
TpTrace Information: 0 : 24608, 7, 2021/12/17, 19:30:06.563, 2089948496404, vstest.console.dll, DataCollectionLauncher.ExitCallBack: Data collector exited with exitcode: 0 error: ''
TpTrace Verbose: 0 : 24608, 4, 2021/12/17, 19:30:06.601, 2089948878800, vstest.console.dll, TestRunRequest:SendTestRunStatsChange: Starting.
TpTrace Information: 0 : 24608, 4, 2021/12/17, 19:30:06.601, 2089948881060, vstest.console.dll, TestRunRequest:SendTestRunStatsChange: Completed.
TpTrace Verbose: 0 : 24608, 4, 2021/12/17, 19:30:06.602, 2089948882499, vstest.console.dll, ParallelProxyExecutionManager: HandlePartialRunComplete: Total completed clients = 1, Run complete = True, Run canceled: False.
TpTrace Verbose: 0 : 24608, 4, 2021/12/17, 19:30:06.633, 2089949198312, vstest.console.dll, TestRunRequest:TestRunComplete: Starting. IsAborted:False IsCanceled:False.
TpTrace Verbose: 0 : 24608, 4, 2021/12/17, 19:30:06.633, 2089949200689, vstest.console.dll, TestLoggerManager.HandleTestRunComplete: Ignoring as the object is disposed.
TpTrace Information: 0 : 24608, 4, 2021/12/17, 19:30:06.634, 2089949203847, vstest.console.dll, TestRunRequest:TestRunComplete: Completed.
TpTrace Verbose: 0 : 24608, 4, 2021/12/17, 19:30:06.634, 2089949204525, vstest.console.dll, TestRequestSender.SetOperationComplete: Setting operation complete.
TpTrace Verbose: 0 : 24608, 1, 2021/12/17, 19:30:06.634, 2089949204207, vstest.console.dll, TestRunRequest.Dispose: Starting.
TpTrace Information: 0 : 24608, 4, 2021/12/17, 19:30:06.634, 2089949205093, vstest.console.dll, SocketServer.Stop: Stop server endPoint: 127.0.0.1:52816
TpTrace Information: 0 : 24608, 4, 2021/12/17, 19:30:06.634, 2089949206286, vstest.console.dll, SocketServer.Stop: Cancellation requested. Stopping message loop.
TpTrace Information: 0 : 24608, 1, 2021/12/17, 19:30:06.634, 2089949205738, vstest.console.dll, TestRunRequest.Dispose: Completed.
TpTrace Information: 0 : 24608, 1, 2021/12/17, 19:30:06.634, 2089949207244, vstest.console.dll, TestRequestManager.RunTests: run tests completed.
TpTrace Information: 0 : 24608, 4, 2021/12/17, 19:30:06.634, 2089949206726, vstest.console.dll, SocketServer.PrivateStop: Stop server endPoint: 127.0.0.1:52816 error: 
TpTrace Information: 0 : 24608, 1, 2021/12/17, 19:30:06.634, 2089949207998, vstest.console.dll, RunTestsArgumentProcessor:Execute: Test run is completed.
TpTrace Verbose: 0 : 24608, 1, 2021/12/17, 19:30:06.634, 2089949209928, vstest.console.dll, Executor.Execute: Exiting with exit code of 0
TpTrace Verbose: 0 : 24608, 4, 2021/12/17, 19:30:06.635, 2089949213065, vstest.console.dll, LengthPrefixCommunicationChannel.Dispose: Dispose reader and writer.
TpTrace Information: 0 : 24608, 4, 2021/12/17, 19:30:06.635, 2089949213714, vstest.console.dll, SocketServer.Stop: Raise disconnected event endPoint: 127.0.0.1:52816 error: 
TpTrace Verbose: 0 : 24608, 4, 2021/12/17, 19:30:06.635, 2089949214290, vstest.console.dll, TestRequestSender: OnTestRunAbort: Operation is already complete. Skip error message.
TpTrace Verbose: 0 : 24608, 4, 2021/12/17, 19:30:06.635, 2089949214884, vstest.console.dll, TcpClientExtensions.MessageLoopAsync: exiting MessageLoopAsync remoteEndPoint: 127.0.0.1:52817 localEndPoint: 127.0.0.1:52816
